[0.413s] Invoking command in '/home/ziyue/Project/chapt6/chapt6_ws/src/fishbot_application': PYTHONPATH=/home/ziyue/Project/chapt6/chapt6_ws/src/build/fishbot_application/prefix_override:/usr/lib/python3/dist-packages/colcon_core/task/python/colcon_distutils_commands:/home/ziyue/Project/chapt6/chapt6_ws/src/install/fishbot_application/lib/python3.10/site-packages:${PYTHONPATH} /usr/bin/python3 -W ignore:setup.py install is deprecated -W ignore:easy_install command is deprecated setup.py egg_info --egg-base ../build/fishbot_application build --build-base /home/ziyue/Project/chapt6/chapt6_ws/src/build/fishbot_application/build install --record /home/ziyue/Project/chapt6/chapt6_ws/src/build/fishbot_application/install.log --single-version-externally-managed install_data
[0.561s] running egg_info
[0.562s] writing ../build/fishbot_application/fishbot_application.egg-info/PKG-INFO
[0.562s] writing dependency_links to ../build/fishbot_application/fishbot_application.egg-info/dependency_links.txt
[0.562s] writing entry points to ../build/fishbot_application/fishbot_application.egg-info/entry_points.txt
[0.562s] writing requirements to ../build/fishbot_application/fishbot_application.egg-info/requires.txt
[0.562s] writing top-level names to ../build/fishbot_application/fishbot_application.egg-info/top_level.txt
[0.563s] reading manifest file '../build/fishbot_application/fishbot_application.egg-info/SOURCES.txt'
[0.564s] writing manifest file '../build/fishbot_application/fishbot_application.egg-info/SOURCES.txt'
[0.564s] running build
[0.564s] running build_py
[0.564s] running install
[0.564s] running install_lib
[0.565s] running install_data
[0.565s] running install_egg_info
[0.566s] removing '/home/ziyue/Project/chapt6/chapt6_ws/src/install/fishbot_application/lib/python3.10/site-packages/fishbot_application-0.0.0-py3.10.egg-info' (and everything under it)
[0.566s] Copying ../build/fishbot_application/fishbot_application.egg-info to /home/ziyue/Project/chapt6/chapt6_ws/src/install/fishbot_application/lib/python3.10/site-packages/fishbot_application-0.0.0-py3.10.egg-info
[0.567s] running install_scripts
[0.578s] Installing get_robot_pose script to /home/ziyue/Project/chapt6/chapt6_ws/src/install/fishbot_application/lib/fishbot_application
[0.578s] Installing init_robot_pose script to /home/ziyue/Project/chapt6/chapt6_ws/src/install/fishbot_application/lib/fishbot_application
[0.578s] Installing nav_to_pose script to /home/ziyue/Project/chapt6/chapt6_ws/src/install/fishbot_application/lib/fishbot_application
[0.579s] Installing waypoint_follower script to /home/ziyue/Project/chapt6/chapt6_ws/src/install/fishbot_application/lib/fishbot_application
[0.579s] writing list of installed files to '/home/ziyue/Project/chapt6/chapt6_ws/src/build/fishbot_application/install.log'
[0.592s] Invoked command in '/home/ziyue/Project/chapt6/chapt6_ws/src/fishbot_application' returned '0': PYTHONPATH=/home/ziyue/Project/chapt6/chapt6_ws/src/build/fishbot_application/prefix_override:/usr/lib/python3/dist-packages/colcon_core/task/python/colcon_distutils_commands:/home/ziyue/Project/chapt6/chapt6_ws/src/install/fishbot_application/lib/python3.10/site-packages:${PYTHONPATH} /usr/bin/python3 -W ignore:setup.py install is deprecated -W ignore:easy_install command is deprecated setup.py egg_info --egg-base ../build/fishbot_application build --build-base /home/ziyue/Project/chapt6/chapt6_ws/src/build/fishbot_application/build install --record /home/ziyue/Project/chapt6/chapt6_ws/src/build/fishbot_application/install.log --single-version-externally-managed install_data
