[0.162s] Invoking command in '/home/ziyue/Project/chapt6/chapt6_ws/src/build/fishbot_description': CMAKE_PREFIX_PATH=/home/ziyue/Project/chapt6/chapt6_ws/install/fishbot_navigation2:/home/ziyue/Project/chapt6/chapt6_ws/install/fishbot_description:/opt/ros/humble:/home/ziyue/catkin_ws/devel:/opt/ros/noetic /usr/bin/cmake /home/ziyue/Project/chapt6/chapt6_ws/src/fishbot_description -DCMAKE_INSTALL_PREFIX=/home/ziyue/Project/chapt6/chapt6_ws/src/install/fishbot_description
[0.200s] -- The C compiler identification is GNU 11.4.0
[0.242s] -- The CXX compiler identification is GNU 11.4.0
[0.248s] -- Detecting C compiler ABI info
[0.303s] -- Detecting C compiler ABI info - done
[0.308s] -- Check for working C compiler: /usr/bin/cc - skipped
[0.308s] -- Detecting C compile features
[0.308s] -- Detecting C compile features - done
[0.311s] -- Detecting CXX compiler ABI info
[0.374s] -- Detecting CXX compiler ABI info - done
[0.380s] -- Check for working CXX compiler: /usr/bin/c++ - skipped
[0.380s] -- Detecting CXX compile features
[0.380s] -- Detecting CXX compile features - done
[0.382s] -- Found ament_cmake: 1.3.12 (/opt/ros/humble/share/ament_cmake/cmake)
[0.492s] -- Found Python3: /usr/bin/python3 (found version "3.10.12") found components: Interpreter 
[0.561s] -- Found ament_lint_auto: 0.12.14 (/opt/ros/humble/share/ament_lint_auto/cmake)
[0.616s] -- Added test 'flake8' to check Python code syntax and style conventions
[0.617s] -- Added test 'lint_cmake' to check CMake code style
[0.617s] -- Added test 'pep257' to check Python code against some of the docstring style conventions in PEP 257
[0.619s] -- Added test 'xmllint' to check XML markup files
[0.620s] -- Configuring done
[0.623s] -- Generating done
[0.624s] -- Build files have been written to: /home/ziyue/Project/chapt6/chapt6_ws/src/build/fishbot_description
[0.629s] Invoked command in '/home/ziyue/Project/chapt6/chapt6_ws/src/build/fishbot_description' returned '0': CMAKE_PREFIX_PATH=/home/ziyue/Project/chapt6/chapt6_ws/install/fishbot_navigation2:/home/ziyue/Project/chapt6/chapt6_ws/install/fishbot_description:/opt/ros/humble:/home/ziyue/catkin_ws/devel:/opt/ros/noetic /usr/bin/cmake /home/ziyue/Project/chapt6/chapt6_ws/src/fishbot_description -DCMAKE_INSTALL_PREFIX=/home/ziyue/Project/chapt6/chapt6_ws/src/install/fishbot_description
[0.629s] Invoking command in '/home/ziyue/Project/chapt6/chapt6_ws/src/build/fishbot_description': CMAKE_PREFIX_PATH=/home/ziyue/Project/chapt6/chapt6_ws/install/fishbot_navigation2:/home/ziyue/Project/chapt6/chapt6_ws/install/fishbot_description:/opt/ros/humble:/home/ziyue/catkin_ws/devel:/opt/ros/noetic /usr/bin/cmake --build /home/ziyue/Project/chapt6/chapt6_ws/src/build/fishbot_description -- -j32 -l32
[0.666s] Invoked command in '/home/ziyue/Project/chapt6/chapt6_ws/src/build/fishbot_description' returned '0': CMAKE_PREFIX_PATH=/home/ziyue/Project/chapt6/chapt6_ws/install/fishbot_navigation2:/home/ziyue/Project/chapt6/chapt6_ws/install/fishbot_description:/opt/ros/humble:/home/ziyue/catkin_ws/devel:/opt/ros/noetic /usr/bin/cmake --build /home/ziyue/Project/chapt6/chapt6_ws/src/build/fishbot_description -- -j32 -l32
[0.667s] Invoking command in '/home/ziyue/Project/chapt6/chapt6_ws/src/build/fishbot_description': CMAKE_PREFIX_PATH=/home/ziyue/Project/chapt6/chapt6_ws/install/fishbot_navigation2:/home/ziyue/Project/chapt6/chapt6_ws/install/fishbot_description:/opt/ros/humble:/home/ziyue/catkin_ws/devel:/opt/ros/noetic /usr/bin/cmake --install /home/ziyue/Project/chapt6/chapt6_ws/src/build/fishbot_description
[0.672s] -- Install configuration: ""
[0.672s] -- Installing: /home/ziyue/Project/chapt6/chapt6_ws/src/install/fishbot_description/share/fishbot_description/launch
[0.672s] -- Installing: /home/ziyue/Project/chapt6/chapt6_ws/src/install/fishbot_description/share/fishbot_description/launch/display_robot.launch.py
[0.672s] -- Installing: /home/ziyue/Project/chapt6/chapt6_ws/src/install/fishbot_description/share/fishbot_description/launch/gazebo_sim.launch.py
[0.672s] -- Installing: /home/ziyue/Project/chapt6/chapt6_ws/src/install/fishbot_description/share/fishbot_description/urdf
[0.672s] -- Installing: /home/ziyue/Project/chapt6/chapt6_ws/src/install/fishbot_description/share/fishbot_description/urdf/first_robot.gv
[0.672s] -- Installing: /home/ziyue/Project/chapt6/chapt6_ws/src/install/fishbot_description/share/fishbot_description/urdf/first_robot.pdf
[0.673s] -- Installing: /home/ziyue/Project/chapt6/chapt6_ws/src/install/fishbot_description/share/fishbot_description/urdf/fishbot
[0.673s] -- Installing: /home/ziyue/Project/chapt6/chapt6_ws/src/install/fishbot_description/share/fishbot_description/urdf/fishbot/common_inertia.xacro
[0.673s] -- Installing: /home/ziyue/Project/chapt6/chapt6_ws/src/install/fishbot_description/share/fishbot_description/urdf/fishbot/fishbot.ros2_control.xacro
[0.673s] -- Installing: /home/ziyue/Project/chapt6/chapt6_ws/src/install/fishbot_description/share/fishbot_description/urdf/fishbot/plugins
[0.673s] -- Installing: /home/ziyue/Project/chapt6/chapt6_ws/src/install/fishbot_description/share/fishbot_description/urdf/fishbot/plugins/gazebo_control_plugin.xacro
[0.673s] -- Installing: /home/ziyue/Project/chapt6/chapt6_ws/src/install/fishbot_description/share/fishbot_description/urdf/fishbot/plugins/gazebo_sensor_plugin.xacro
[0.673s] -- Installing: /home/ziyue/Project/chapt6/chapt6_ws/src/install/fishbot_description/share/fishbot_description/urdf/fishbot/base.urdf.xacro
[0.673s] -- Installing: /home/ziyue/Project/chapt6/chapt6_ws/src/install/fishbot_description/share/fishbot_description/urdf/fishbot/actuator
[0.673s] -- Installing: /home/ziyue/Project/chapt6/chapt6_ws/src/install/fishbot_description/share/fishbot_description/urdf/fishbot/actuator/caster.urdf.xacro
[0.673s] -- Installing: /home/ziyue/Project/chapt6/chapt6_ws/src/install/fishbot_description/share/fishbot_description/urdf/fishbot/actuator/wheel.urdf.xacro
[0.673s] -- Installing: /home/ziyue/Project/chapt6/chapt6_ws/src/install/fishbot_description/share/fishbot_description/urdf/fishbot/fishbot.urdf.xacro
[0.674s] -- Installing: /home/ziyue/Project/chapt6/chapt6_ws/src/install/fishbot_description/share/fishbot_description/urdf/fishbot/sensor
[0.674s] -- Installing: /home/ziyue/Project/chapt6/chapt6_ws/src/install/fishbot_description/share/fishbot_description/urdf/fishbot/sensor/laser.urdf.xacro
[0.674s] -- Installing: /home/ziyue/Project/chapt6/chapt6_ws/src/install/fishbot_description/share/fishbot_description/urdf/fishbot/sensor/camera.urdf.xacro
[0.674s] -- Installing: /home/ziyue/Project/chapt6/chapt6_ws/src/install/fishbot_description/share/fishbot_description/urdf/fishbot/sensor/imu.urdf.xacro
[0.674s] -- Installing: /home/ziyue/Project/chapt6/chapt6_ws/src/install/fishbot_description/share/fishbot_description/urdf/first_robot.urdf
[0.674s] -- Installing: /home/ziyue/Project/chapt6/chapt6_ws/src/install/fishbot_description/share/fishbot_description/urdf/first_robot.urdf.xacro
[0.674s] -- Installing: /home/ziyue/Project/chapt6/chapt6_ws/src/install/fishbot_description/share/fishbot_description/config
[0.674s] -- Installing: /home/ziyue/Project/chapt6/chapt6_ws/src/install/fishbot_description/share/fishbot_description/config/rviz
[0.674s] -- Installing: /home/ziyue/Project/chapt6/chapt6_ws/src/install/fishbot_description/share/fishbot_description/config/rviz/dispaly_robot_model.rviz
[0.675s] -- Installing: /home/ziyue/Project/chapt6/chapt6_ws/src/install/fishbot_description/share/fishbot_description/config/rviz/dispaly_model.rviz
[0.675s] -- Installing: /home/ziyue/Project/chapt6/chapt6_ws/src/install/fishbot_description/share/fishbot_description/config/fishbot_ros2_controller.yaml
[0.675s] -- Installing: /home/ziyue/Project/chapt6/chapt6_ws/src/install/fishbot_description/share/fishbot_description/world
[0.675s] -- Installing: /home/ziyue/Project/chapt6/chapt6_ws/src/install/fishbot_description/share/fishbot_description/world/custom_room.world
[0.676s] -- Installing: /home/ziyue/Project/chapt6/chapt6_ws/src/install/fishbot_description/share/fishbot_description/world/obstacle.world
[0.676s] -- Installing: /home/ziyue/Project/chapt6/chapt6_ws/src/install/fishbot_description/share/fishbot_description/world/room
[0.676s] -- Installing: /home/ziyue/Project/chapt6/chapt6_ws/src/install/fishbot_description/share/fishbot_description/world/room/model.sdf
[0.676s] -- Installing: /home/ziyue/Project/chapt6/chapt6_ws/src/install/fishbot_description/share/fishbot_description/world/room/model.config
[0.676s] -- Installing: /home/ziyue/Project/chapt6/chapt6_ws/src/install/fishbot_description/share/ament_index/resource_index/package_run_dependencies/fishbot_description
[0.676s] -- Installing: /home/ziyue/Project/chapt6/chapt6_ws/src/install/fishbot_description/share/ament_index/resource_index/parent_prefix_path/fishbot_description
[0.676s] -- Installing: /home/ziyue/Project/chapt6/chapt6_ws/src/install/fishbot_description/share/fishbot_description/environment/ament_prefix_path.sh
[0.676s] -- Installing: /home/ziyue/Project/chapt6/chapt6_ws/src/install/fishbot_description/share/fishbot_description/environment/ament_prefix_path.dsv
[0.676s] -- Installing: /home/ziyue/Project/chapt6/chapt6_ws/src/install/fishbot_description/share/fishbot_description/environment/path.sh
[0.677s] -- Installing: /home/ziyue/Project/chapt6/chapt6_ws/src/install/fishbot_description/share/fishbot_description/environment/path.dsv
[0.677s] -- Installing: /home/ziyue/Project/chapt6/chapt6_ws/src/install/fishbot_description/share/fishbot_description/local_setup.bash
[0.677s] -- Installing: /home/ziyue/Project/chapt6/chapt6_ws/src/install/fishbot_description/share/fishbot_description/local_setup.sh
[0.677s] -- Installing: /home/ziyue/Project/chapt6/chapt6_ws/src/install/fishbot_description/share/fishbot_description/local_setup.zsh
[0.677s] -- Installing: /home/ziyue/Project/chapt6/chapt6_ws/src/install/fishbot_description/share/fishbot_description/local_setup.dsv
[0.677s] -- Installing: /home/ziyue/Project/chapt6/chapt6_ws/src/install/fishbot_description/share/fishbot_description/package.dsv
[0.677s] -- Installing: /home/ziyue/Project/chapt6/chapt6_ws/src/install/fishbot_description/share/ament_index/resource_index/packages/fishbot_description
[0.677s] -- Installing: /home/ziyue/Project/chapt6/chapt6_ws/src/install/fishbot_description/share/fishbot_description/cmake/fishbot_descriptionConfig.cmake
[0.677s] -- Installing: /home/ziyue/Project/chapt6/chapt6_ws/src/install/fishbot_description/share/fishbot_description/cmake/fishbot_descriptionConfig-version.cmake
[0.677s] -- Installing: /home/ziyue/Project/chapt6/chapt6_ws/src/install/fishbot_description/share/fishbot_description/package.xml
[0.685s] Invoked command in '/home/ziyue/Project/chapt6/chapt6_ws/src/build/fishbot_description' returned '0': CMAKE_PREFIX_PATH=/home/ziyue/Project/chapt6/chapt6_ws/install/fishbot_navigation2:/home/ziyue/Project/chapt6/chapt6_ws/install/fishbot_description:/opt/ros/humble:/home/ziyue/catkin_ws/devel:/opt/ros/noetic /usr/bin/cmake --install /home/ziyue/Project/chapt6/chapt6_ws/src/build/fishbot_description
