running egg_info
creating ../build/fishbot_application/fishbot_application.egg-info
writing ../build/fishbot_application/fishbot_application.egg-info/PKG-INFO
writing dependency_links to ../build/fishbot_application/fishbot_application.egg-info/dependency_links.txt
writing entry points to ../build/fishbot_application/fishbot_application.egg-info/entry_points.txt
writing requirements to ../build/fishbot_application/fishbot_application.egg-info/requires.txt
writing top-level names to ../build/fishbot_application/fishbot_application.egg-info/top_level.txt
writing manifest file '../build/fishbot_application/fishbot_application.egg-info/SOURCES.txt'
reading manifest file '../build/fishbot_application/fishbot_application.egg-info/SOURCES.txt'
writing manifest file '../build/fishbot_application/fishbot_application.egg-info/SOURCES.txt'
running build
running build_py
creating /home/ziyue/Project/chapt6/chapt6_ws/src/build/fishbot_application/build
creating /home/ziyue/Project/chapt6/chapt6_ws/src/build/fishbot_application/build/lib
creating /home/ziyue/Project/chapt6/chapt6_ws/src/build/fishbot_application/build/lib/fishbot_application
copying fishbot_application/waypoint_follower.py -> /home/ziyue/Project/chapt6/chapt6_ws/src/build/fishbot_application/build/lib/fishbot_application
copying fishbot_application/get_robot_pose.py -> /home/ziyue/Project/chapt6/chapt6_ws/src/build/fishbot_application/build/lib/fishbot_application
copying fishbot_application/init_robot_pose.py -> /home/ziyue/Project/chapt6/chapt6_ws/src/build/fishbot_application/build/lib/fishbot_application
copying fishbot_application/nav_to_pose.py -> /home/ziyue/Project/chapt6/chapt6_ws/src/build/fishbot_application/build/lib/fishbot_application
copying fishbot_application/__init__.py -> /home/ziyue/Project/chapt6/chapt6_ws/src/build/fishbot_application/build/lib/fishbot_application
running install
running install_lib
creating /home/ziyue/Project/chapt6/chapt6_ws/src/install/fishbot_application/lib/python3.10/site-packages/fishbot_application
copying /home/ziyue/Project/chapt6/chapt6_ws/src/build/fishbot_application/build/lib/fishbot_application/waypoint_follower.py -> /home/ziyue/Project/chapt6/chapt6_ws/src/install/fishbot_application/lib/python3.10/site-packages/fishbot_application
copying /home/ziyue/Project/chapt6/chapt6_ws/src/build/fishbot_application/build/lib/fishbot_application/get_robot_pose.py -> /home/ziyue/Project/chapt6/chapt6_ws/src/install/fishbot_application/lib/python3.10/site-packages/fishbot_application
copying /home/ziyue/Project/chapt6/chapt6_ws/src/build/fishbot_application/build/lib/fishbot_application/init_robot_pose.py -> /home/ziyue/Project/chapt6/chapt6_ws/src/install/fishbot_application/lib/python3.10/site-packages/fishbot_application
copying /home/ziyue/Project/chapt6/chapt6_ws/src/build/fishbot_application/build/lib/fishbot_application/nav_to_pose.py -> /home/ziyue/Project/chapt6/chapt6_ws/src/install/fishbot_application/lib/python3.10/site-packages/fishbot_application
copying /home/ziyue/Project/chapt6/chapt6_ws/src/build/fishbot_application/build/lib/fishbot_application/__init__.py -> /home/ziyue/Project/chapt6/chapt6_ws/src/install/fishbot_application/lib/python3.10/site-packages/fishbot_application
byte-compiling /home/ziyue/Project/chapt6/chapt6_ws/src/install/fishbot_application/lib/python3.10/site-packages/fishbot_application/waypoint_follower.py to waypoint_follower.cpython-310.pyc
byte-compiling /home/ziyue/Project/chapt6/chapt6_ws/src/install/fishbot_application/lib/python3.10/site-packages/fishbot_application/get_robot_pose.py to get_robot_pose.cpython-310.pyc
byte-compiling /home/ziyue/Project/chapt6/chapt6_ws/src/install/fishbot_application/lib/python3.10/site-packages/fishbot_application/init_robot_pose.py to init_robot_pose.cpython-310.pyc
byte-compiling /home/ziyue/Project/chapt6/chapt6_ws/src/install/fishbot_application/lib/python3.10/site-packages/fishbot_application/nav_to_pose.py to nav_to_pose.cpython-310.pyc
byte-compiling /home/ziyue/Project/chapt6/chapt6_ws/src/install/fishbot_application/lib/python3.10/site-packages/fishbot_application/__init__.py to __init__.cpython-310.pyc
running install_data
creating /home/ziyue/Project/chapt6/chapt6_ws/src/install/fishbot_application/share/ament_index
creating /home/ziyue/Project/chapt6/chapt6_ws/src/install/fishbot_application/share/ament_index/resource_index
creating /home/ziyue/Project/chapt6/chapt6_ws/src/install/fishbot_application/share/ament_index/resource_index/packages
copying resource/fishbot_application -> /home/ziyue/Project/chapt6/chapt6_ws/src/install/fishbot_application/share/ament_index/resource_index/packages
copying package.xml -> /home/ziyue/Project/chapt6/chapt6_ws/src/install/fishbot_application/share/fishbot_application
running install_egg_info
Copying ../build/fishbot_application/fishbot_application.egg-info to /home/ziyue/Project/chapt6/chapt6_ws/src/install/fishbot_application/lib/python3.10/site-packages/fishbot_application-0.0.0-py3.10.egg-info
running install_scripts
Installing init_robot_pose script to /home/ziyue/Project/chapt6/chapt6_ws/src/install/fishbot_application/lib/fishbot_application
writing list of installed files to '/home/ziyue/Project/chapt6/chapt6_ws/src/build/fishbot_application/install.log'
