[0.059s] DEBUG:colcon:Command line arguments: ['/usr/bin/colcon', 'build']
[0.059s] DEBUG:colcon:Parsed command line arguments: Namespace(log_base=None, log_level=None, verb_name='build', build_base='build', install_base='install', merge_install=False, symlink_install=False, test_result_base=None, continue_on_error=False, executor='parallel', parallel_workers=32, event_handlers=None, ignore_user_meta=False, metas=['./colcon.meta'], base_paths=['.'], packages_ignore=None, packages_ignore_regex=None, paths=None, packages_up_to=None, packages_up_to_regex=None, packages_above=None, packages_above_and_dependencies=None, packages_above_depth=None, packages_select_by_dep=None, packages_skip_by_dep=None, packages_skip_up_to=None, packages_select_build_failed=False, packages_skip_build_finished=False, packages_select_test_failures=False, packages_skip_test_passed=False, packages_select=None, packages_skip=None, packages_select_regex=None, packages_skip_regex=None, packages_start=None, packages_end=None, allow_overriding=[], cmake_args=None, cmake_target=None, cmake_target_skip_unavailable=False, cmake_clean_cache=False, cmake_clean_first=False, cmake_force_configure=False, ament_cmake_args=None, catkin_cmake_args=None, catkin_skip_building_tests=False, verb_parser=<colcon_defaults.argument_parser.defaults.DefaultArgumentsDecorator object at 0x713e20966d40>, verb_extension=<colcon_core.verb.build.BuildVerb object at 0x713e20adf910>, main=<bound method BuildVerb.main of <colcon_core.verb.build.BuildVerb object at 0x713e20adf910>>)
[0.164s] Level 1:colcon.colcon_core.package_discovery:discover_packages(colcon_meta) check parameters
[0.164s] Level 1:colcon.colcon_core.package_discovery:discover_packages(recursive) check parameters
[0.164s] Level 1:colcon.colcon_core.package_discovery:discover_packages(ignore) check parameters
[0.164s] Level 1:colcon.colcon_core.package_discovery:discover_packages(path) check parameters
[0.164s] Level 1:colcon.colcon_core.package_discovery:discover_packages(colcon_meta) discover
[0.164s] Level 1:colcon.colcon_core.package_discovery:discover_packages(recursive) discover
[0.164s] INFO:colcon.colcon_core.package_discovery:Crawling recursively for packages in '/home/ziyue/Project/chapt6/chapt6_ws/src'
[0.164s] Level 1:colcon.colcon_core.package_identification:_identify(.) by extensions ['ignore', 'ignore_ament_install']
[0.164s] Level 1:colcon.colcon_core.package_identification:_identify(.) by extension 'ignore'
[0.164s] Level 1:colcon.colcon_core.package_identification:_identify(.) by extension 'ignore_ament_install'
[0.164s] Level 1:colcon.colcon_core.package_identification:_identify(.) by extensions ['colcon_pkg']
[0.164s] Level 1:colcon.colcon_core.package_identification:_identify(.) by extension 'colcon_pkg'
[0.164s] Level 1:colcon.colcon_core.package_identification:_identify(.) by extensions ['colcon_meta']
[0.164s] Level 1:colcon.colcon_core.package_identification:_identify(.) by extension 'colcon_meta'
[0.164s] Level 1:colcon.colcon_core.package_identification:_identify(.) by extensions ['ros']
[0.164s] Level 1:colcon.colcon_core.package_identification:_identify(.) by extension 'ros'
[0.176s] Level 1:colcon.colcon_core.package_identification:_identify(.) by extensions ['cmake', 'python']
[0.176s] Level 1:colcon.colcon_core.package_identification:_identify(.) by extension 'cmake'
[0.176s] Level 1:colcon.colcon_core.package_identification:_identify(.) by extension 'python'
[0.176s] Level 1:colcon.colcon_core.package_identification:_identify(.) by extensions ['python_setup_py']
[0.176s] Level 1:colcon.colcon_core.package_identification:_identify(.) by extension 'python_setup_py'
[0.176s] Level 1:colcon.colcon_core.package_identification:_identify(build) by extensions ['ignore', 'ignore_ament_install']
[0.176s] Level 1:colcon.colcon_core.package_identification:_identify(build) by extension 'ignore'
[0.176s] Level 1:colcon.colcon_core.package_identification:_identify(build) ignored
[0.176s] Level 1:colcon.colcon_core.package_identification:_identify(fishbot_application) by extensions ['ignore', 'ignore_ament_install']
[0.176s] Level 1:colcon.colcon_core.package_identification:_identify(fishbot_application) by extension 'ignore'
[0.177s] Level 1:colcon.colcon_core.package_identification:_identify(fishbot_application) by extension 'ignore_ament_install'
[0.177s] Level 1:colcon.colcon_core.package_identification:_identify(fishbot_application) by extensions ['colcon_pkg']
[0.177s] Level 1:colcon.colcon_core.package_identification:_identify(fishbot_application) by extension 'colcon_pkg'
[0.177s] Level 1:colcon.colcon_core.package_identification:_identify(fishbot_application) by extensions ['colcon_meta']
[0.177s] Level 1:colcon.colcon_core.package_identification:_identify(fishbot_application) by extension 'colcon_meta'
[0.177s] Level 1:colcon.colcon_core.package_identification:_identify(fishbot_application) by extensions ['ros']
[0.177s] Level 1:colcon.colcon_core.package_identification:_identify(fishbot_application) by extension 'ros'
[0.178s] DEBUG:colcon.colcon_core.package_identification:Package 'fishbot_application' with type 'ros.ament_python' and name 'fishbot_application'
[0.178s] Level 1:colcon.colcon_core.package_identification:_identify(fishbot_description) by extensions ['ignore', 'ignore_ament_install']
[0.178s] Level 1:colcon.colcon_core.package_identification:_identify(fishbot_description) by extension 'ignore'
[0.178s] Level 1:colcon.colcon_core.package_identification:_identify(fishbot_description) by extension 'ignore_ament_install'
[0.178s] Level 1:colcon.colcon_core.package_identification:_identify(fishbot_description) by extensions ['colcon_pkg']
[0.178s] Level 1:colcon.colcon_core.package_identification:_identify(fishbot_description) by extension 'colcon_pkg'
[0.178s] Level 1:colcon.colcon_core.package_identification:_identify(fishbot_description) by extensions ['colcon_meta']
[0.178s] Level 1:colcon.colcon_core.package_identification:_identify(fishbot_description) by extension 'colcon_meta'
[0.178s] Level 1:colcon.colcon_core.package_identification:_identify(fishbot_description) by extensions ['ros']
[0.178s] Level 1:colcon.colcon_core.package_identification:_identify(fishbot_description) by extension 'ros'
[0.179s] DEBUG:colcon.colcon_core.package_identification:Package 'fishbot_description' with type 'ros.ament_cmake' and name 'fishbot_description'
[0.179s] Level 1:colcon.colcon_core.package_identification:_identify(fishbot_navigation2) by extensions ['ignore', 'ignore_ament_install']
[0.179s] Level 1:colcon.colcon_core.package_identification:_identify(fishbot_navigation2) by extension 'ignore'
[0.179s] Level 1:colcon.colcon_core.package_identification:_identify(fishbot_navigation2) by extension 'ignore_ament_install'
[0.179s] Level 1:colcon.colcon_core.package_identification:_identify(fishbot_navigation2) by extensions ['colcon_pkg']
[0.179s] Level 1:colcon.colcon_core.package_identification:_identify(fishbot_navigation2) by extension 'colcon_pkg'
[0.179s] Level 1:colcon.colcon_core.package_identification:_identify(fishbot_navigation2) by extensions ['colcon_meta']
[0.179s] Level 1:colcon.colcon_core.package_identification:_identify(fishbot_navigation2) by extension 'colcon_meta'
[0.179s] Level 1:colcon.colcon_core.package_identification:_identify(fishbot_navigation2) by extensions ['ros']
[0.179s] Level 1:colcon.colcon_core.package_identification:_identify(fishbot_navigation2) by extension 'ros'
[0.179s] DEBUG:colcon.colcon_core.package_identification:Package 'fishbot_navigation2' with type 'ros.ament_cmake' and name 'fishbot_navigation2'
[0.179s] Level 1:colcon.colcon_core.package_identification:_identify(install) by extensions ['ignore', 'ignore_ament_install']
[0.179s] Level 1:colcon.colcon_core.package_identification:_identify(install) by extension 'ignore'
[0.179s] Level 1:colcon.colcon_core.package_identification:_identify(install) ignored
[0.179s] Level 1:colcon.colcon_core.package_identification:_identify(log) by extensions ['ignore', 'ignore_ament_install']
[0.179s] Level 1:colcon.colcon_core.package_identification:_identify(log) by extension 'ignore'
[0.179s] Level 1:colcon.colcon_core.package_identification:_identify(log) ignored
[0.179s] Level 1:colcon.colcon_core.package_discovery:discover_packages(recursive) using defaults
[0.179s] Level 1:colcon.colcon_core.package_discovery:discover_packages(ignore) discover
[0.179s] Level 1:colcon.colcon_core.package_discovery:discover_packages(ignore) using defaults
[0.180s] Level 1:colcon.colcon_core.package_discovery:discover_packages(path) discover
[0.180s] Level 1:colcon.colcon_core.package_discovery:discover_packages(path) using defaults
[0.190s] Level 1:colcon.colcon_core.package_discovery:discover_packages(prefix_path) check parameters
[0.190s] Level 1:colcon.colcon_core.package_discovery:discover_packages(prefix_path) discover
[0.191s] DEBUG:colcon.colcon_installed_package_information.package_discovery:Found 3 installed packages in /home/ziyue/Project/chapt6/chapt6_ws/src/install
[0.192s] DEBUG:colcon.colcon_installed_package_information.package_discovery:Found 3 installed packages in /home/ziyue/Project/chapt6/chapt6_ws/install
[0.193s] DEBUG:colcon.colcon_installed_package_information.package_discovery:Found 370 installed packages in /opt/ros/humble
[0.194s] Level 1:colcon.colcon_core.package_discovery:discover_packages(prefix_path) using defaults
[0.218s] Level 5:colcon.colcon_core.verb:set package 'fishbot_application' build argument 'cmake_args' from command line to 'None'
[0.218s] Level 5:colcon.colcon_core.verb:set package 'fishbot_application' build argument 'cmake_target' from command line to 'None'
[0.218s] Level 5:colcon.colcon_core.verb:set package 'fishbot_application' build argument 'cmake_target_skip_unavailable' from command line to 'False'
[0.218s] Level 5:colcon.colcon_core.verb:set package 'fishbot_application' build argument 'cmake_clean_cache' from command line to 'False'
[0.219s] Level 5:colcon.colcon_core.verb:set package 'fishbot_application' build argument 'cmake_clean_first' from command line to 'False'
[0.219s] Level 5:colcon.colcon_core.verb:set package 'fishbot_application' build argument 'cmake_force_configure' from command line to 'False'
[0.219s] Level 5:colcon.colcon_core.verb:set package 'fishbot_application' build argument 'ament_cmake_args' from command line to 'None'
[0.219s] Level 5:colcon.colcon_core.verb:set package 'fishbot_application' build argument 'catkin_cmake_args' from command line to 'None'
[0.219s] Level 5:colcon.colcon_core.verb:set package 'fishbot_application' build argument 'catkin_skip_building_tests' from command line to 'False'
[0.219s] DEBUG:colcon.colcon_core.verb:Building package 'fishbot_application' with the following arguments: {'ament_cmake_args': None, 'build_base': '/home/ziyue/Project/chapt6/chapt6_ws/src/build/fishbot_application', 'catkin_cmake_args': None, 'catkin_skip_building_tests': False, 'cmake_args': None, 'cmake_clean_cache': False, 'cmake_clean_first': False, 'cmake_force_configure': False, 'cmake_target': None, 'cmake_target_skip_unavailable': False, 'install_base': '/home/ziyue/Project/chapt6/chapt6_ws/src/install/fishbot_application', 'merge_install': False, 'path': '/home/ziyue/Project/chapt6/chapt6_ws/src/fishbot_application', 'symlink_install': False, 'test_result_base': None}
[0.219s] Level 5:colcon.colcon_core.verb:set package 'fishbot_description' build argument 'cmake_args' from command line to 'None'
[0.219s] Level 5:colcon.colcon_core.verb:set package 'fishbot_description' build argument 'cmake_target' from command line to 'None'
[0.219s] Level 5:colcon.colcon_core.verb:set package 'fishbot_description' build argument 'cmake_target_skip_unavailable' from command line to 'False'
[0.219s] Level 5:colcon.colcon_core.verb:set package 'fishbot_description' build argument 'cmake_clean_cache' from command line to 'False'
[0.219s] Level 5:colcon.colcon_core.verb:set package 'fishbot_description' build argument 'cmake_clean_first' from command line to 'False'
[0.219s] Level 5:colcon.colcon_core.verb:set package 'fishbot_description' build argument 'cmake_force_configure' from command line to 'False'
[0.219s] Level 5:colcon.colcon_core.verb:set package 'fishbot_description' build argument 'ament_cmake_args' from command line to 'None'
[0.219s] Level 5:colcon.colcon_core.verb:set package 'fishbot_description' build argument 'catkin_cmake_args' from command line to 'None'
[0.219s] Level 5:colcon.colcon_core.verb:set package 'fishbot_description' build argument 'catkin_skip_building_tests' from command line to 'False'
[0.219s] DEBUG:colcon.colcon_core.verb:Building package 'fishbot_description' with the following arguments: {'ament_cmake_args': None, 'build_base': '/home/ziyue/Project/chapt6/chapt6_ws/src/build/fishbot_description', 'catkin_cmake_args': None, 'catkin_skip_building_tests': False, 'cmake_args': None, 'cmake_clean_cache': False, 'cmake_clean_first': False, 'cmake_force_configure': False, 'cmake_target': None, 'cmake_target_skip_unavailable': False, 'install_base': '/home/ziyue/Project/chapt6/chapt6_ws/src/install/fishbot_description', 'merge_install': False, 'path': '/home/ziyue/Project/chapt6/chapt6_ws/src/fishbot_description', 'symlink_install': False, 'test_result_base': None}
[0.219s] Level 5:colcon.colcon_core.verb:set package 'fishbot_navigation2' build argument 'cmake_args' from command line to 'None'
[0.219s] Level 5:colcon.colcon_core.verb:set package 'fishbot_navigation2' build argument 'cmake_target' from command line to 'None'
[0.219s] Level 5:colcon.colcon_core.verb:set package 'fishbot_navigation2' build argument 'cmake_target_skip_unavailable' from command line to 'False'
[0.219s] Level 5:colcon.colcon_core.verb:set package 'fishbot_navigation2' build argument 'cmake_clean_cache' from command line to 'False'
[0.219s] Level 5:colcon.colcon_core.verb:set package 'fishbot_navigation2' build argument 'cmake_clean_first' from command line to 'False'
[0.219s] Level 5:colcon.colcon_core.verb:set package 'fishbot_navigation2' build argument 'cmake_force_configure' from command line to 'False'
[0.219s] Level 5:colcon.colcon_core.verb:set package 'fishbot_navigation2' build argument 'ament_cmake_args' from command line to 'None'
[0.219s] Level 5:colcon.colcon_core.verb:set package 'fishbot_navigation2' build argument 'catkin_cmake_args' from command line to 'None'
[0.219s] Level 5:colcon.colcon_core.verb:set package 'fishbot_navigation2' build argument 'catkin_skip_building_tests' from command line to 'False'
[0.219s] DEBUG:colcon.colcon_core.verb:Building package 'fishbot_navigation2' with the following arguments: {'ament_cmake_args': None, 'build_base': '/home/ziyue/Project/chapt6/chapt6_ws/src/build/fishbot_navigation2', 'catkin_cmake_args': None, 'catkin_skip_building_tests': False, 'cmake_args': None, 'cmake_clean_cache': False, 'cmake_clean_first': False, 'cmake_force_configure': False, 'cmake_target': None, 'cmake_target_skip_unavailable': False, 'install_base': '/home/ziyue/Project/chapt6/chapt6_ws/src/install/fishbot_navigation2', 'merge_install': False, 'path': '/home/ziyue/Project/chapt6/chapt6_ws/src/fishbot_navigation2', 'symlink_install': False, 'test_result_base': None}
[0.219s] INFO:colcon.colcon_core.executor:Executing jobs using 'parallel' executor
[0.220s] DEBUG:colcon.colcon_parallel_executor.executor.parallel:run_until_complete
[0.220s] INFO:colcon.colcon_ros.task.ament_python.build:Building ROS package in '/home/ziyue/Project/chapt6/chapt6_ws/src/fishbot_application' with build type 'ament_python'
[0.220s] Level 1:colcon.colcon_core.shell:create_environment_hook('fishbot_application', 'ament_prefix_path')
[0.221s] INFO:colcon.colcon_core.plugin_system:Skipping extension 'colcon_core.shell.bat': Not used on non-Windows systems
[0.221s] INFO:colcon.colcon_core.shell:Creating environment hook '/home/ziyue/Project/chapt6/chapt6_ws/src/install/fishbot_application/share/fishbot_application/hook/ament_prefix_path.ps1'
[0.222s] INFO:colcon.colcon_core.shell:Creating environment descriptor '/home/ziyue/Project/chapt6/chapt6_ws/src/install/fishbot_application/share/fishbot_application/hook/ament_prefix_path.dsv'
[0.222s] INFO:colcon.colcon_core.shell:Creating environment hook '/home/ziyue/Project/chapt6/chapt6_ws/src/install/fishbot_application/share/fishbot_application/hook/ament_prefix_path.sh'
[0.223s] INFO:colcon.colcon_core.shell:Skip shell extension 'powershell' for command environment: Not usable outside of PowerShell
[0.223s] DEBUG:colcon.colcon_core.shell:Skip shell extension 'dsv' for command environment
[0.224s] DEBUG:colcon.colcon_core.shell:Ignoring prefix path '/home/ziyue/catkin_ws/devel'
[0.225s] DEBUG:colcon.colcon_core.shell:Ignoring prefix path '/opt/ros/noetic'
[0.225s] INFO:colcon.colcon_ros.task.ament_cmake.build:Building ROS package in '/home/ziyue/Project/chapt6/chapt6_ws/src/fishbot_description' with build type 'ament_cmake'
[0.226s] INFO:colcon.colcon_cmake.task.cmake.build:Building CMake package in '/home/ziyue/Project/chapt6/chapt6_ws/src/fishbot_description'
[0.226s] INFO:colcon.colcon_core.shell:Skip shell extension 'powershell' for command environment: Not usable outside of PowerShell
[0.226s] DEBUG:colcon.colcon_core.shell:Skip shell extension 'dsv' for command environment
[0.228s] DEBUG:colcon.colcon_core.shell:Ignoring prefix path '/home/ziyue/catkin_ws/devel'
[0.228s] DEBUG:colcon.colcon_core.shell:Ignoring prefix path '/opt/ros/noetic'
[0.228s] INFO:colcon.colcon_ros.task.ament_cmake.build:Building ROS package in '/home/ziyue/Project/chapt6/chapt6_ws/src/fishbot_navigation2' with build type 'ament_cmake'
[0.228s] INFO:colcon.colcon_cmake.task.cmake.build:Building CMake package in '/home/ziyue/Project/chapt6/chapt6_ws/src/fishbot_navigation2'
[0.228s] INFO:colcon.colcon_core.shell:Skip shell extension 'powershell' for command environment: Not usable outside of PowerShell
[0.228s] DEBUG:colcon.colcon_core.shell:Skip shell extension 'dsv' for command environment
[0.230s] DEBUG:colcon.colcon_core.shell:Ignoring prefix path '/home/ziyue/catkin_ws/devel'
[0.231s] DEBUG:colcon.colcon_core.shell:Ignoring prefix path '/opt/ros/noetic'
[0.386s] INFO:colcon.colcon_core.task.python.build:Building Python package in '/home/ziyue/Project/chapt6/chapt6_ws/src/fishbot_application'
[0.387s] INFO:colcon.colcon_core.shell:Skip shell extension 'powershell' for command environment: Not usable outside of PowerShell
[0.387s] DEBUG:colcon.colcon_core.shell:Skip shell extension 'dsv' for command environment
[0.388s] DEBUG:colcon.colcon_core.shell:Ignoring prefix path '/home/ziyue/catkin_ws/devel'
[0.389s] DEBUG:colcon.colcon_core.shell:Ignoring prefix path '/opt/ros/noetic'
[0.392s] DEBUG:colcon.colcon_core.event_handler.log_command:Invoking command in '/home/ziyue/Project/chapt6/chapt6_ws/src/build/fishbot_description': CMAKE_PREFIX_PATH=/home/ziyue/Project/chapt6/chapt6_ws/src/install/fishbot_navigation2:/home/ziyue/Project/chapt6/chapt6_ws/src/install/fishbot_description:/home/ziyue/Project/chapt6/chapt6_ws/install/fishbot_navigation2:/home/ziyue/Project/chapt6/chapt6_ws/install/fishbot_description:/home/ziyue/Project/chapt6/chapt6_ws/src/install/fishbot_application:/opt/ros/humble:/home/ziyue/catkin_ws/devel:/opt/ros/noetic /usr/bin/cmake --build /home/ziyue/Project/chapt6/chapt6_ws/src/build/fishbot_description -- -j32 -l32
[0.394s] DEBUG:colcon.colcon_core.event_handler.log_command:Invoking command in '/home/ziyue/Project/chapt6/chapt6_ws/src/build/fishbot_navigation2': CMAKE_PREFIX_PATH=/home/ziyue/Project/chapt6/chapt6_ws/src/install/fishbot_navigation2:/home/ziyue/Project/chapt6/chapt6_ws/src/install/fishbot_description:/home/ziyue/Project/chapt6/chapt6_ws/install/fishbot_navigation2:/home/ziyue/Project/chapt6/chapt6_ws/install/fishbot_description:/home/ziyue/Project/chapt6/chapt6_ws/src/install/fishbot_application:/opt/ros/humble:/home/ziyue/catkin_ws/devel:/opt/ros/noetic /usr/bin/cmake --build /home/ziyue/Project/chapt6/chapt6_ws/src/build/fishbot_navigation2 -- -j32 -l32
[0.422s] DEBUG:colcon.colcon_core.event_handler.log_command:Invoked command in '/home/ziyue/Project/chapt6/chapt6_ws/src/build/fishbot_description' returned '0': CMAKE_PREFIX_PATH=/home/ziyue/Project/chapt6/chapt6_ws/src/install/fishbot_navigation2:/home/ziyue/Project/chapt6/chapt6_ws/src/install/fishbot_description:/home/ziyue/Project/chapt6/chapt6_ws/install/fishbot_navigation2:/home/ziyue/Project/chapt6/chapt6_ws/install/fishbot_description:/home/ziyue/Project/chapt6/chapt6_ws/src/install/fishbot_application:/opt/ros/humble:/home/ziyue/catkin_ws/devel:/opt/ros/noetic /usr/bin/cmake --build /home/ziyue/Project/chapt6/chapt6_ws/src/build/fishbot_description -- -j32 -l32
[0.430s] DEBUG:colcon.colcon_core.event_handler.log_command:Invoking command in '/home/ziyue/Project/chapt6/chapt6_ws/src/build/fishbot_description': CMAKE_PREFIX_PATH=/home/ziyue/Project/chapt6/chapt6_ws/src/install/fishbot_navigation2:/home/ziyue/Project/chapt6/chapt6_ws/src/install/fishbot_description:/home/ziyue/Project/chapt6/chapt6_ws/install/fishbot_navigation2:/home/ziyue/Project/chapt6/chapt6_ws/install/fishbot_description:/home/ziyue/Project/chapt6/chapt6_ws/src/install/fishbot_application:/opt/ros/humble:/home/ziyue/catkin_ws/devel:/opt/ros/noetic /usr/bin/cmake --install /home/ziyue/Project/chapt6/chapt6_ws/src/build/fishbot_description
[0.431s] DEBUG:colcon.colcon_core.event_handler.log_command:Invoked command in '/home/ziyue/Project/chapt6/chapt6_ws/src/build/fishbot_navigation2' returned '0': CMAKE_PREFIX_PATH=/home/ziyue/Project/chapt6/chapt6_ws/src/install/fishbot_navigation2:/home/ziyue/Project/chapt6/chapt6_ws/src/install/fishbot_description:/home/ziyue/Project/chapt6/chapt6_ws/install/fishbot_navigation2:/home/ziyue/Project/chapt6/chapt6_ws/install/fishbot_description:/home/ziyue/Project/chapt6/chapt6_ws/src/install/fishbot_application:/opt/ros/humble:/home/ziyue/catkin_ws/devel:/opt/ros/noetic /usr/bin/cmake --build /home/ziyue/Project/chapt6/chapt6_ws/src/build/fishbot_navigation2 -- -j32 -l32
[0.432s] DEBUG:colcon.colcon_core.event_handler.log_command:Invoking command in '/home/ziyue/Project/chapt6/chapt6_ws/src/build/fishbot_navigation2': CMAKE_PREFIX_PATH=/home/ziyue/Project/chapt6/chapt6_ws/src/install/fishbot_navigation2:/home/ziyue/Project/chapt6/chapt6_ws/src/install/fishbot_description:/home/ziyue/Project/chapt6/chapt6_ws/install/fishbot_navigation2:/home/ziyue/Project/chapt6/chapt6_ws/install/fishbot_description:/home/ziyue/Project/chapt6/chapt6_ws/src/install/fishbot_application:/opt/ros/humble:/home/ziyue/catkin_ws/devel:/opt/ros/noetic /usr/bin/cmake --install /home/ziyue/Project/chapt6/chapt6_ws/src/build/fishbot_navigation2
[0.442s] Level 1:colcon.colcon_core.environment:create_environment_scripts_only(fishbot_description)
[0.444s] DEBUG:colcon.colcon_core.event_handler.log_command:Invoked command in '/home/ziyue/Project/chapt6/chapt6_ws/src/build/fishbot_description' returned '0': CMAKE_PREFIX_PATH=/home/ziyue/Project/chapt6/chapt6_ws/src/install/fishbot_navigation2:/home/ziyue/Project/chapt6/chapt6_ws/src/install/fishbot_description:/home/ziyue/Project/chapt6/chapt6_ws/install/fishbot_navigation2:/home/ziyue/Project/chapt6/chapt6_ws/install/fishbot_description:/home/ziyue/Project/chapt6/chapt6_ws/src/install/fishbot_application:/opt/ros/humble:/home/ziyue/catkin_ws/devel:/opt/ros/noetic /usr/bin/cmake --install /home/ziyue/Project/chapt6/chapt6_ws/src/build/fishbot_description
[0.445s] Level 1:colcon.colcon_core.environment:checking '/home/ziyue/Project/chapt6/chapt6_ws/src/install/fishbot_description' for CMake module files
[0.446s] Level 1:colcon.colcon_core.environment:checking '/home/ziyue/Project/chapt6/chapt6_ws/src/install/fishbot_description' for CMake config files
[0.446s] Level 1:colcon.colcon_core.shell:create_environment_hook('fishbot_description', 'cmake_prefix_path')
[0.446s] INFO:colcon.colcon_core.shell:Creating environment hook '/home/ziyue/Project/chapt6/chapt6_ws/src/install/fishbot_description/share/fishbot_description/hook/cmake_prefix_path.ps1'
[0.447s] INFO:colcon.colcon_core.shell:Creating environment descriptor '/home/ziyue/Project/chapt6/chapt6_ws/src/install/fishbot_description/share/fishbot_description/hook/cmake_prefix_path.dsv'
[0.447s] INFO:colcon.colcon_core.shell:Creating environment hook '/home/ziyue/Project/chapt6/chapt6_ws/src/install/fishbot_description/share/fishbot_description/hook/cmake_prefix_path.sh'
[0.447s] Level 1:colcon.colcon_core.environment:checking '/home/ziyue/Project/chapt6/chapt6_ws/src/install/fishbot_description/bin'
[0.448s] Level 1:colcon.colcon_core.environment:checking '/home/ziyue/Project/chapt6/chapt6_ws/src/install/fishbot_description/lib/pkgconfig/fishbot_description.pc'
[0.448s] Level 1:colcon.colcon_core.environment:checking '/home/ziyue/Project/chapt6/chapt6_ws/src/install/fishbot_description/lib/python3.10/site-packages'
[0.448s] Level 1:colcon.colcon_core.environment:checking '/home/ziyue/Project/chapt6/chapt6_ws/src/install/fishbot_description/bin'
[0.448s] INFO:colcon.colcon_core.shell:Creating package script '/home/ziyue/Project/chapt6/chapt6_ws/src/install/fishbot_description/share/fishbot_description/package.ps1'
[0.449s] INFO:colcon.colcon_core.shell:Creating package descriptor '/home/ziyue/Project/chapt6/chapt6_ws/src/install/fishbot_description/share/fishbot_description/package.dsv'
[0.449s] INFO:colcon.colcon_core.shell:Creating package script '/home/ziyue/Project/chapt6/chapt6_ws/src/install/fishbot_description/share/fishbot_description/package.sh'
[0.449s] INFO:colcon.colcon_core.shell:Creating package script '/home/ziyue/Project/chapt6/chapt6_ws/src/install/fishbot_description/share/fishbot_description/package.bash'
[0.450s] INFO:colcon.colcon_core.shell:Creating package script '/home/ziyue/Project/chapt6/chapt6_ws/src/install/fishbot_description/share/fishbot_description/package.zsh'
[0.450s] Level 1:colcon.colcon_core.environment:create_file_with_runtime_dependencies(/home/ziyue/Project/chapt6/chapt6_ws/src/install/fishbot_description/share/colcon-core/packages/fishbot_description)
[0.451s] Level 1:colcon.colcon_core.environment:create_environment_scripts_only(fishbot_description)
[0.451s] Level 1:colcon.colcon_core.environment:checking '/home/ziyue/Project/chapt6/chapt6_ws/src/install/fishbot_description' for CMake module files
[0.451s] Level 1:colcon.colcon_core.environment:checking '/home/ziyue/Project/chapt6/chapt6_ws/src/install/fishbot_description' for CMake config files
[0.451s] Level 1:colcon.colcon_core.shell:create_environment_hook('fishbot_description', 'cmake_prefix_path')
[0.451s] INFO:colcon.colcon_core.shell:Creating environment hook '/home/ziyue/Project/chapt6/chapt6_ws/src/install/fishbot_description/share/fishbot_description/hook/cmake_prefix_path.ps1'
[0.452s] INFO:colcon.colcon_core.shell:Creating environment descriptor '/home/ziyue/Project/chapt6/chapt6_ws/src/install/fishbot_description/share/fishbot_description/hook/cmake_prefix_path.dsv'
[0.452s] INFO:colcon.colcon_core.shell:Creating environment hook '/home/ziyue/Project/chapt6/chapt6_ws/src/install/fishbot_description/share/fishbot_description/hook/cmake_prefix_path.sh'
[0.452s] Level 1:colcon.colcon_core.environment:checking '/home/ziyue/Project/chapt6/chapt6_ws/src/install/fishbot_description/bin'
[0.452s] Level 1:colcon.colcon_core.environment:checking '/home/ziyue/Project/chapt6/chapt6_ws/src/install/fishbot_description/lib/pkgconfig/fishbot_description.pc'
[0.452s] Level 1:colcon.colcon_core.environment:checking '/home/ziyue/Project/chapt6/chapt6_ws/src/install/fishbot_description/lib/python3.10/site-packages'
[0.452s] Level 1:colcon.colcon_core.environment:checking '/home/ziyue/Project/chapt6/chapt6_ws/src/install/fishbot_description/bin'
[0.453s] INFO:colcon.colcon_core.shell:Creating package script '/home/ziyue/Project/chapt6/chapt6_ws/src/install/fishbot_description/share/fishbot_description/package.ps1'
[0.453s] INFO:colcon.colcon_core.shell:Creating package descriptor '/home/ziyue/Project/chapt6/chapt6_ws/src/install/fishbot_description/share/fishbot_description/package.dsv'
[0.453s] INFO:colcon.colcon_core.shell:Creating package script '/home/ziyue/Project/chapt6/chapt6_ws/src/install/fishbot_description/share/fishbot_description/package.sh'
[0.454s] INFO:colcon.colcon_core.shell:Creating package script '/home/ziyue/Project/chapt6/chapt6_ws/src/install/fishbot_description/share/fishbot_description/package.bash'
[0.454s] INFO:colcon.colcon_core.shell:Creating package script '/home/ziyue/Project/chapt6/chapt6_ws/src/install/fishbot_description/share/fishbot_description/package.zsh'
[0.454s] Level 1:colcon.colcon_core.environment:create_file_with_runtime_dependencies(/home/ziyue/Project/chapt6/chapt6_ws/src/install/fishbot_description/share/colcon-core/packages/fishbot_description)
[0.454s] Level 1:colcon.colcon_core.environment:create_environment_scripts_only(fishbot_navigation2)
[0.455s] Level 1:colcon.colcon_core.environment:checking '/home/ziyue/Project/chapt6/chapt6_ws/src/install/fishbot_navigation2' for CMake module files
[0.455s] DEBUG:colcon.colcon_core.event_handler.log_command:Invoked command in '/home/ziyue/Project/chapt6/chapt6_ws/src/build/fishbot_navigation2' returned '0': CMAKE_PREFIX_PATH=/home/ziyue/Project/chapt6/chapt6_ws/src/install/fishbot_navigation2:/home/ziyue/Project/chapt6/chapt6_ws/src/install/fishbot_description:/home/ziyue/Project/chapt6/chapt6_ws/install/fishbot_navigation2:/home/ziyue/Project/chapt6/chapt6_ws/install/fishbot_description:/home/ziyue/Project/chapt6/chapt6_ws/src/install/fishbot_application:/opt/ros/humble:/home/ziyue/catkin_ws/devel:/opt/ros/noetic /usr/bin/cmake --install /home/ziyue/Project/chapt6/chapt6_ws/src/build/fishbot_navigation2
[0.455s] Level 1:colcon.colcon_core.environment:checking '/home/ziyue/Project/chapt6/chapt6_ws/src/install/fishbot_navigation2' for CMake config files
[0.456s] Level 1:colcon.colcon_core.shell:create_environment_hook('fishbot_navigation2', 'cmake_prefix_path')
[0.456s] INFO:colcon.colcon_core.shell:Creating environment hook '/home/ziyue/Project/chapt6/chapt6_ws/src/install/fishbot_navigation2/share/fishbot_navigation2/hook/cmake_prefix_path.ps1'
[0.456s] INFO:colcon.colcon_core.shell:Creating environment descriptor '/home/ziyue/Project/chapt6/chapt6_ws/src/install/fishbot_navigation2/share/fishbot_navigation2/hook/cmake_prefix_path.dsv'
[0.456s] INFO:colcon.colcon_core.shell:Creating environment hook '/home/ziyue/Project/chapt6/chapt6_ws/src/install/fishbot_navigation2/share/fishbot_navigation2/hook/cmake_prefix_path.sh'
[0.456s] Level 1:colcon.colcon_core.environment:checking '/home/ziyue/Project/chapt6/chapt6_ws/src/install/fishbot_navigation2/bin'
[0.456s] Level 1:colcon.colcon_core.environment:checking '/home/ziyue/Project/chapt6/chapt6_ws/src/install/fishbot_navigation2/lib/pkgconfig/fishbot_navigation2.pc'
[0.457s] Level 1:colcon.colcon_core.environment:checking '/home/ziyue/Project/chapt6/chapt6_ws/src/install/fishbot_navigation2/lib/python3.10/site-packages'
[0.457s] Level 1:colcon.colcon_core.environment:checking '/home/ziyue/Project/chapt6/chapt6_ws/src/install/fishbot_navigation2/bin'
[0.457s] INFO:colcon.colcon_core.shell:Creating package script '/home/ziyue/Project/chapt6/chapt6_ws/src/install/fishbot_navigation2/share/fishbot_navigation2/package.ps1'
[0.457s] INFO:colcon.colcon_core.shell:Creating package descriptor '/home/ziyue/Project/chapt6/chapt6_ws/src/install/fishbot_navigation2/share/fishbot_navigation2/package.dsv'
[0.457s] INFO:colcon.colcon_core.shell:Creating package script '/home/ziyue/Project/chapt6/chapt6_ws/src/install/fishbot_navigation2/share/fishbot_navigation2/package.sh'
[0.458s] INFO:colcon.colcon_core.shell:Creating package script '/home/ziyue/Project/chapt6/chapt6_ws/src/install/fishbot_navigation2/share/fishbot_navigation2/package.bash'
[0.458s] INFO:colcon.colcon_core.shell:Creating package script '/home/ziyue/Project/chapt6/chapt6_ws/src/install/fishbot_navigation2/share/fishbot_navigation2/package.zsh'
[0.458s] Level 1:colcon.colcon_core.environment:create_file_with_runtime_dependencies(/home/ziyue/Project/chapt6/chapt6_ws/src/install/fishbot_navigation2/share/colcon-core/packages/fishbot_navigation2)
[0.458s] Level 1:colcon.colcon_core.environment:create_environment_scripts_only(fishbot_navigation2)
[0.458s] Level 1:colcon.colcon_core.environment:checking '/home/ziyue/Project/chapt6/chapt6_ws/src/install/fishbot_navigation2' for CMake module files
[0.459s] Level 1:colcon.colcon_core.environment:checking '/home/ziyue/Project/chapt6/chapt6_ws/src/install/fishbot_navigation2' for CMake config files
[0.459s] Level 1:colcon.colcon_core.shell:create_environment_hook('fishbot_navigation2', 'cmake_prefix_path')
[0.459s] INFO:colcon.colcon_core.shell:Creating environment hook '/home/ziyue/Project/chapt6/chapt6_ws/src/install/fishbot_navigation2/share/fishbot_navigation2/hook/cmake_prefix_path.ps1'
[0.459s] INFO:colcon.colcon_core.shell:Creating environment descriptor '/home/ziyue/Project/chapt6/chapt6_ws/src/install/fishbot_navigation2/share/fishbot_navigation2/hook/cmake_prefix_path.dsv'
[0.459s] INFO:colcon.colcon_core.shell:Creating environment hook '/home/ziyue/Project/chapt6/chapt6_ws/src/install/fishbot_navigation2/share/fishbot_navigation2/hook/cmake_prefix_path.sh'
[0.460s] Level 1:colcon.colcon_core.environment:checking '/home/ziyue/Project/chapt6/chapt6_ws/src/install/fishbot_navigation2/bin'
[0.460s] Level 1:colcon.colcon_core.environment:checking '/home/ziyue/Project/chapt6/chapt6_ws/src/install/fishbot_navigation2/lib/pkgconfig/fishbot_navigation2.pc'
[0.460s] Level 1:colcon.colcon_core.environment:checking '/home/ziyue/Project/chapt6/chapt6_ws/src/install/fishbot_navigation2/lib/python3.10/site-packages'
[0.460s] Level 1:colcon.colcon_core.environment:checking '/home/ziyue/Project/chapt6/chapt6_ws/src/install/fishbot_navigation2/bin'
[0.460s] INFO:colcon.colcon_core.shell:Creating package script '/home/ziyue/Project/chapt6/chapt6_ws/src/install/fishbot_navigation2/share/fishbot_navigation2/package.ps1'
[0.461s] INFO:colcon.colcon_core.shell:Creating package descriptor '/home/ziyue/Project/chapt6/chapt6_ws/src/install/fishbot_navigation2/share/fishbot_navigation2/package.dsv'
[0.461s] INFO:colcon.colcon_core.shell:Creating package script '/home/ziyue/Project/chapt6/chapt6_ws/src/install/fishbot_navigation2/share/fishbot_navigation2/package.sh'
[0.461s] INFO:colcon.colcon_core.shell:Creating package script '/home/ziyue/Project/chapt6/chapt6_ws/src/install/fishbot_navigation2/share/fishbot_navigation2/package.bash'
[0.461s] INFO:colcon.colcon_core.shell:Creating package script '/home/ziyue/Project/chapt6/chapt6_ws/src/install/fishbot_navigation2/share/fishbot_navigation2/package.zsh'
[0.462s] Level 1:colcon.colcon_core.environment:create_file_with_runtime_dependencies(/home/ziyue/Project/chapt6/chapt6_ws/src/install/fishbot_navigation2/share/colcon-core/packages/fishbot_navigation2)
[0.633s] DEBUG:colcon.colcon_core.event_handler.log_command:Invoking command in '/home/ziyue/Project/chapt6/chapt6_ws/src/fishbot_application': PYTHONPATH=/home/ziyue/Project/chapt6/chapt6_ws/src/build/fishbot_application/prefix_override:/usr/lib/python3/dist-packages/colcon_core/task/python/colcon_distutils_commands:/home/ziyue/Project/chapt6/chapt6_ws/src/install/fishbot_application/lib/python3.10/site-packages:${PYTHONPATH} /usr/bin/python3 -W ignore:setup.py install is deprecated -W ignore:easy_install command is deprecated setup.py egg_info --egg-base ../build/fishbot_application build --build-base /home/ziyue/Project/chapt6/chapt6_ws/src/build/fishbot_application/build install --record /home/ziyue/Project/chapt6/chapt6_ws/src/build/fishbot_application/install.log --single-version-externally-managed install_data
[0.813s] Level 1:colcon.colcon_core.environment:checking '/home/ziyue/Project/chapt6/chapt6_ws/src/install/fishbot_application' for CMake module files
[0.813s] DEBUG:colcon.colcon_core.event_handler.log_command:Invoked command in '/home/ziyue/Project/chapt6/chapt6_ws/src/fishbot_application' returned '0': PYTHONPATH=/home/ziyue/Project/chapt6/chapt6_ws/src/build/fishbot_application/prefix_override:/usr/lib/python3/dist-packages/colcon_core/task/python/colcon_distutils_commands:/home/ziyue/Project/chapt6/chapt6_ws/src/install/fishbot_application/lib/python3.10/site-packages:${PYTHONPATH} /usr/bin/python3 -W ignore:setup.py install is deprecated -W ignore:easy_install command is deprecated setup.py egg_info --egg-base ../build/fishbot_application build --build-base /home/ziyue/Project/chapt6/chapt6_ws/src/build/fishbot_application/build install --record /home/ziyue/Project/chapt6/chapt6_ws/src/build/fishbot_application/install.log --single-version-externally-managed install_data
[0.813s] Level 1:colcon.colcon_core.environment:checking '/home/ziyue/Project/chapt6/chapt6_ws/src/install/fishbot_application' for CMake config files
[0.813s] Level 1:colcon.colcon_core.environment:checking '/home/ziyue/Project/chapt6/chapt6_ws/src/install/fishbot_application/lib'
[0.814s] Level 1:colcon.colcon_core.environment:checking '/home/ziyue/Project/chapt6/chapt6_ws/src/install/fishbot_application/bin'
[0.814s] Level 1:colcon.colcon_core.environment:checking '/home/ziyue/Project/chapt6/chapt6_ws/src/install/fishbot_application/lib/pkgconfig/fishbot_application.pc'
[0.814s] Level 1:colcon.colcon_core.environment:checking '/home/ziyue/Project/chapt6/chapt6_ws/src/install/fishbot_application/lib/python3.10/site-packages'
[0.814s] Level 1:colcon.colcon_core.shell:create_environment_hook('fishbot_application', 'pythonpath')
[0.814s] INFO:colcon.colcon_core.shell:Creating environment hook '/home/ziyue/Project/chapt6/chapt6_ws/src/install/fishbot_application/share/fishbot_application/hook/pythonpath.ps1'
[0.814s] INFO:colcon.colcon_core.shell:Creating environment descriptor '/home/ziyue/Project/chapt6/chapt6_ws/src/install/fishbot_application/share/fishbot_application/hook/pythonpath.dsv'
[0.814s] INFO:colcon.colcon_core.shell:Creating environment hook '/home/ziyue/Project/chapt6/chapt6_ws/src/install/fishbot_application/share/fishbot_application/hook/pythonpath.sh'
[0.815s] Level 1:colcon.colcon_core.environment:checking '/home/ziyue/Project/chapt6/chapt6_ws/src/install/fishbot_application/bin'
[0.815s] Level 1:colcon.colcon_core.environment:create_environment_scripts_only(fishbot_application)
[0.815s] INFO:colcon.colcon_core.shell:Creating package script '/home/ziyue/Project/chapt6/chapt6_ws/src/install/fishbot_application/share/fishbot_application/package.ps1'
[0.815s] INFO:colcon.colcon_core.shell:Creating package descriptor '/home/ziyue/Project/chapt6/chapt6_ws/src/install/fishbot_application/share/fishbot_application/package.dsv'
[0.816s] INFO:colcon.colcon_core.shell:Creating package script '/home/ziyue/Project/chapt6/chapt6_ws/src/install/fishbot_application/share/fishbot_application/package.sh'
[0.816s] INFO:colcon.colcon_core.shell:Creating package script '/home/ziyue/Project/chapt6/chapt6_ws/src/install/fishbot_application/share/fishbot_application/package.bash'
[0.816s] INFO:colcon.colcon_core.shell:Creating package script '/home/ziyue/Project/chapt6/chapt6_ws/src/install/fishbot_application/share/fishbot_application/package.zsh'
[0.817s] Level 1:colcon.colcon_core.environment:create_file_with_runtime_dependencies(/home/ziyue/Project/chapt6/chapt6_ws/src/install/fishbot_application/share/colcon-core/packages/fishbot_application)
[0.817s] DEBUG:colcon.colcon_parallel_executor.executor.parallel:closing loop
[0.817s] DEBUG:colcon.colcon_parallel_executor.executor.parallel:loop closed
[0.817s] DEBUG:colcon.colcon_parallel_executor.executor.parallel:run_until_complete finished with '0'
[0.817s] DEBUG:colcon.colcon_core.event_reactor:joining thread
[0.820s] INFO:colcon.colcon_core.plugin_system:Skipping extension 'colcon_notification.desktop_notification.terminal_notifier': Not used on non-Darwin systems
[0.820s] INFO:colcon.colcon_core.plugin_system:Skipping extension 'colcon_notification.desktop_notification.win32': Not used on non-Windows systems
[0.820s] INFO:colcon.colcon_notification.desktop_notification:Sending desktop notification using 'notify2'
[0.827s] DEBUG:colcon.colcon_core.event_reactor:joined thread
[0.827s] INFO:colcon.colcon_core.shell:Creating prefix script '/home/ziyue/Project/chapt6/chapt6_ws/src/install/local_setup.ps1'
[0.828s] INFO:colcon.colcon_core.shell:Creating prefix util module '/home/ziyue/Project/chapt6/chapt6_ws/src/install/_local_setup_util_ps1.py'
[0.829s] INFO:colcon.colcon_core.shell:Creating prefix chain script '/home/ziyue/Project/chapt6/chapt6_ws/src/install/setup.ps1'
[0.830s] INFO:colcon.colcon_core.shell:Creating prefix script '/home/ziyue/Project/chapt6/chapt6_ws/src/install/local_setup.sh'
[0.830s] INFO:colcon.colcon_core.shell:Creating prefix util module '/home/ziyue/Project/chapt6/chapt6_ws/src/install/_local_setup_util_sh.py'
[0.830s] INFO:colcon.colcon_core.shell:Creating prefix chain script '/home/ziyue/Project/chapt6/chapt6_ws/src/install/setup.sh'
[0.831s] INFO:colcon.colcon_core.shell:Creating prefix script '/home/ziyue/Project/chapt6/chapt6_ws/src/install/local_setup.bash'
[0.831s] INFO:colcon.colcon_core.shell:Creating prefix chain script '/home/ziyue/Project/chapt6/chapt6_ws/src/install/setup.bash'
[0.832s] INFO:colcon.colcon_core.shell:Creating prefix script '/home/ziyue/Project/chapt6/chapt6_ws/src/install/local_setup.zsh'
[0.832s] INFO:colcon.colcon_core.shell:Creating prefix chain script '/home/ziyue/Project/chapt6/chapt6_ws/src/install/setup.zsh'
