[0.166s] Invoking command in '/home/ziyue/Project/chapt6/chapt6_ws/src/build/fishbot_navigation2': CMAKE_PREFIX_PATH=/home/ziyue/Project/chapt6/chapt6_ws/src/install/fishbot_navigation2:/home/ziyue/Project/chapt6/chapt6_ws/src/install/fishbot_description:/home/ziyue/Project/chapt6/chapt6_ws/install/fishbot_navigation2:/home/ziyue/Project/chapt6/chapt6_ws/install/fishbot_description:/home/ziyue/Project/chapt6/chapt6_ws/src/install/fishbot_application:/opt/ros/humble:/home/ziyue/catkin_ws/devel:/opt/ros/noetic /usr/bin/cmake --build /home/ziyue/Project/chapt6/chapt6_ws/src/build/fishbot_navigation2 -- -j32 -l32
[0.202s] Invoked command in '/home/ziyue/Project/chapt6/chapt6_ws/src/build/fishbot_navigation2' returned '0': CMAKE_PREFIX_PATH=/home/ziyue/Project/chapt6/chapt6_ws/src/install/fishbot_navigation2:/home/ziyue/Project/chapt6/chapt6_ws/src/install/fishbot_description:/home/ziyue/Project/chapt6/chapt6_ws/install/fishbot_navigation2:/home/ziyue/Project/chapt6/chapt6_ws/install/fishbot_description:/home/ziyue/Project/chapt6/chapt6_ws/src/install/fishbot_application:/opt/ros/humble:/home/ziyue/catkin_ws/devel:/opt/ros/noetic /usr/bin/cmake --build /home/ziyue/Project/chapt6/chapt6_ws/src/build/fishbot_navigation2 -- -j32 -l32
[0.203s] Invoking command in '/home/ziyue/Project/chapt6/chapt6_ws/src/build/fishbot_navigation2': CMAKE_PREFIX_PATH=/home/ziyue/Project/chapt6/chapt6_ws/src/install/fishbot_navigation2:/home/ziyue/Project/chapt6/chapt6_ws/src/install/fishbot_description:/home/ziyue/Project/chapt6/chapt6_ws/install/fishbot_navigation2:/home/ziyue/Project/chapt6/chapt6_ws/install/fishbot_description:/home/ziyue/Project/chapt6/chapt6_ws/src/install/fishbot_application:/opt/ros/humble:/home/ziyue/catkin_ws/devel:/opt/ros/noetic /usr/bin/cmake --install /home/ziyue/Project/chapt6/chapt6_ws/src/build/fishbot_navigation2
[0.211s] -- Install configuration: ""
[0.211s] -- Up-to-date: /home/ziyue/Project/chapt6/chapt6_ws/src/install/fishbot_navigation2/share/fishbot_navigation2/launch
[0.212s] -- Up-to-date: /home/ziyue/Project/chapt6/chapt6_ws/src/install/fishbot_navigation2/share/fishbot_navigation2/launch/navigation2.launch.py
[0.212s] -- Up-to-date: /home/ziyue/Project/chapt6/chapt6_ws/src/install/fishbot_navigation2/share/fishbot_navigation2/map
[0.212s] -- Up-to-date: /home/ziyue/Project/chapt6/chapt6_ws/src/install/fishbot_navigation2/share/fishbot_navigation2/map/room.pgm
[0.212s] -- Up-to-date: /home/ziyue/Project/chapt6/chapt6_ws/src/install/fishbot_navigation2/share/fishbot_navigation2/map/room.yaml
[0.212s] -- Up-to-date: /home/ziyue/Project/chapt6/chapt6_ws/src/install/fishbot_navigation2/share/fishbot_navigation2/config
[0.214s] -- Up-to-date: /home/ziyue/Project/chapt6/chapt6_ws/src/install/fishbot_navigation2/share/fishbot_navigation2/config/nav2_params.yaml
[0.214s] -- Up-to-date: /home/ziyue/Project/chapt6/chapt6_ws/src/install/fishbot_navigation2/share/ament_index/resource_index/package_run_dependencies/fishbot_navigation2
[0.214s] -- Up-to-date: /home/ziyue/Project/chapt6/chapt6_ws/src/install/fishbot_navigation2/share/ament_index/resource_index/parent_prefix_path/fishbot_navigation2
[0.214s] -- Up-to-date: /home/ziyue/Project/chapt6/chapt6_ws/src/install/fishbot_navigation2/share/fishbot_navigation2/environment/ament_prefix_path.sh
[0.215s] -- Up-to-date: /home/ziyue/Project/chapt6/chapt6_ws/src/install/fishbot_navigation2/share/fishbot_navigation2/environment/ament_prefix_path.dsv
[0.215s] -- Up-to-date: /home/ziyue/Project/chapt6/chapt6_ws/src/install/fishbot_navigation2/share/fishbot_navigation2/environment/path.sh
[0.215s] -- Up-to-date: /home/ziyue/Project/chapt6/chapt6_ws/src/install/fishbot_navigation2/share/fishbot_navigation2/environment/path.dsv
[0.215s] -- Up-to-date: /home/ziyue/Project/chapt6/chapt6_ws/src/install/fishbot_navigation2/share/fishbot_navigation2/local_setup.bash
[0.215s] -- Up-to-date: /home/ziyue/Project/chapt6/chapt6_ws/src/install/fishbot_navigation2/share/fishbot_navigation2/local_setup.sh
[0.215s] -- Up-to-date: /home/ziyue/Project/chapt6/chapt6_ws/src/install/fishbot_navigation2/share/fishbot_navigation2/local_setup.zsh
[0.215s] -- Up-to-date: /home/ziyue/Project/chapt6/chapt6_ws/src/install/fishbot_navigation2/share/fishbot_navigation2/local_setup.dsv
[0.215s] -- Up-to-date: /home/ziyue/Project/chapt6/chapt6_ws/src/install/fishbot_navigation2/share/fishbot_navigation2/package.dsv
[0.215s] -- Up-to-date: /home/ziyue/Project/chapt6/chapt6_ws/src/install/fishbot_navigation2/share/ament_index/resource_index/packages/fishbot_navigation2
[0.216s] -- Up-to-date: /home/ziyue/Project/chapt6/chapt6_ws/src/install/fishbot_navigation2/share/fishbot_navigation2/cmake/fishbot_navigation2Config.cmake
[0.216s] -- Up-to-date: /home/ziyue/Project/chapt6/chapt6_ws/src/install/fishbot_navigation2/share/fishbot_navigation2/cmake/fishbot_navigation2Config-version.cmake
[0.216s] -- Up-to-date: /home/ziyue/Project/chapt6/chapt6_ws/src/install/fishbot_navigation2/share/fishbot_navigation2/package.xml
[0.227s] Invoked command in '/home/ziyue/Project/chapt6/chapt6_ws/src/build/fishbot_navigation2' returned '0': CMAKE_PREFIX_PATH=/home/ziyue/Project/chapt6/chapt6_ws/src/install/fishbot_navigation2:/home/ziyue/Project/chapt6/chapt6_ws/src/install/fishbot_description:/home/ziyue/Project/chapt6/chapt6_ws/install/fishbot_navigation2:/home/ziyue/Project/chapt6/chapt6_ws/install/fishbot_description:/home/ziyue/Project/chapt6/chapt6_ws/src/install/fishbot_application:/opt/ros/humble:/home/ziyue/catkin_ws/devel:/opt/ros/noetic /usr/bin/cmake --install /home/ziyue/Project/chapt6/chapt6_ws/src/build/fishbot_navigation2
