[0.073s] DEBUG:colcon:Command line arguments: ['/usr/bin/colcon', 'build']
[0.073s] DEBUG:colcon:Parsed command line arguments: Namespace(log_base=None, log_level=None, verb_name='build', build_base='build', install_base='install', merge_install=False, symlink_install=False, test_result_base=None, continue_on_error=False, executor='parallel', parallel_workers=32, event_handlers=None, ignore_user_meta=False, metas=['./colcon.meta'], base_paths=['.'], packages_ignore=None, packages_ignore_regex=None, paths=None, packages_up_to=None, packages_up_to_regex=None, packages_above=None, packages_above_and_dependencies=None, packages_above_depth=None, packages_select_by_dep=None, packages_skip_by_dep=None, packages_skip_up_to=None, packages_select_build_failed=False, packages_skip_build_finished=False, packages_select_test_failures=False, packages_skip_test_passed=False, packages_select=None, packages_skip=None, packages_select_regex=None, packages_skip_regex=None, packages_start=None, packages_end=None, allow_overriding=[], cmake_args=None, cmake_target=None, cmake_target_skip_unavailable=False, cmake_clean_cache=False, cmake_clean_first=False, cmake_force_configure=False, ament_cmake_args=None, catkin_cmake_args=None, catkin_skip_building_tests=False, verb_parser=<colcon_defaults.argument_parser.defaults.DefaultArgumentsDecorator object at 0x77475a976b60>, verb_extension=<colcon_core.verb.build.BuildVerb object at 0x77475aaeb730>, main=<bound method BuildVerb.main of <colcon_core.verb.build.BuildVerb object at 0x77475aaeb730>>)
[0.202s] Level 1:colcon.colcon_core.package_discovery:discover_packages(colcon_meta) check parameters
[0.202s] Level 1:colcon.colcon_core.package_discovery:discover_packages(recursive) check parameters
[0.202s] Level 1:colcon.colcon_core.package_discovery:discover_packages(ignore) check parameters
[0.203s] Level 1:colcon.colcon_core.package_discovery:discover_packages(path) check parameters
[0.203s] Level 1:colcon.colcon_core.package_discovery:discover_packages(colcon_meta) discover
[0.203s] Level 1:colcon.colcon_core.package_discovery:discover_packages(recursive) discover
[0.203s] INFO:colcon.colcon_core.package_discovery:Crawling recursively for packages in '/home/ziyue/Project/chapt6/chapt6_ws/src'
[0.203s] Level 1:colcon.colcon_core.package_identification:_identify(.) by extensions ['ignore', 'ignore_ament_install']
[0.203s] Level 1:colcon.colcon_core.package_identification:_identify(.) by extension 'ignore'
[0.203s] Level 1:colcon.colcon_core.package_identification:_identify(.) by extension 'ignore_ament_install'
[0.203s] Level 1:colcon.colcon_core.package_identification:_identify(.) by extensions ['colcon_pkg']
[0.203s] Level 1:colcon.colcon_core.package_identification:_identify(.) by extension 'colcon_pkg'
[0.203s] Level 1:colcon.colcon_core.package_identification:_identify(.) by extensions ['colcon_meta']
[0.203s] Level 1:colcon.colcon_core.package_identification:_identify(.) by extension 'colcon_meta'
[0.203s] Level 1:colcon.colcon_core.package_identification:_identify(.) by extensions ['ros']
[0.203s] Level 1:colcon.colcon_core.package_identification:_identify(.) by extension 'ros'
[0.216s] Level 1:colcon.colcon_core.package_identification:_identify(.) by extensions ['cmake', 'python']
[0.216s] Level 1:colcon.colcon_core.package_identification:_identify(.) by extension 'cmake'
[0.217s] Level 1:colcon.colcon_core.package_identification:_identify(.) by extension 'python'
[0.217s] Level 1:colcon.colcon_core.package_identification:_identify(.) by extensions ['python_setup_py']
[0.217s] Level 1:colcon.colcon_core.package_identification:_identify(.) by extension 'python_setup_py'
[0.217s] Level 1:colcon.colcon_core.package_identification:_identify(build) by extensions ['ignore', 'ignore_ament_install']
[0.217s] Level 1:colcon.colcon_core.package_identification:_identify(build) by extension 'ignore'
[0.217s] Level 1:colcon.colcon_core.package_identification:_identify(build) ignored
[0.217s] Level 1:colcon.colcon_core.package_identification:_identify(fishbot_application) by extensions ['ignore', 'ignore_ament_install']
[0.217s] Level 1:colcon.colcon_core.package_identification:_identify(fishbot_application) by extension 'ignore'
[0.217s] Level 1:colcon.colcon_core.package_identification:_identify(fishbot_application) by extension 'ignore_ament_install'
[0.217s] Level 1:colcon.colcon_core.package_identification:_identify(fishbot_application) by extensions ['colcon_pkg']
[0.217s] Level 1:colcon.colcon_core.package_identification:_identify(fishbot_application) by extension 'colcon_pkg'
[0.217s] Level 1:colcon.colcon_core.package_identification:_identify(fishbot_application) by extensions ['colcon_meta']
[0.217s] Level 1:colcon.colcon_core.package_identification:_identify(fishbot_application) by extension 'colcon_meta'
[0.217s] Level 1:colcon.colcon_core.package_identification:_identify(fishbot_application) by extensions ['ros']
[0.217s] Level 1:colcon.colcon_core.package_identification:_identify(fishbot_application) by extension 'ros'
[0.219s] DEBUG:colcon.colcon_core.package_identification:Package 'fishbot_application' with type 'ros.ament_python' and name 'fishbot_application'
[0.219s] Level 1:colcon.colcon_core.package_identification:_identify(fishbot_description) by extensions ['ignore', 'ignore_ament_install']
[0.219s] Level 1:colcon.colcon_core.package_identification:_identify(fishbot_description) by extension 'ignore'
[0.219s] Level 1:colcon.colcon_core.package_identification:_identify(fishbot_description) by extension 'ignore_ament_install'
[0.219s] Level 1:colcon.colcon_core.package_identification:_identify(fishbot_description) by extensions ['colcon_pkg']
[0.219s] Level 1:colcon.colcon_core.package_identification:_identify(fishbot_description) by extension 'colcon_pkg'
[0.219s] Level 1:colcon.colcon_core.package_identification:_identify(fishbot_description) by extensions ['colcon_meta']
[0.219s] Level 1:colcon.colcon_core.package_identification:_identify(fishbot_description) by extension 'colcon_meta'
[0.219s] Level 1:colcon.colcon_core.package_identification:_identify(fishbot_description) by extensions ['ros']
[0.219s] Level 1:colcon.colcon_core.package_identification:_identify(fishbot_description) by extension 'ros'
[0.220s] DEBUG:colcon.colcon_core.package_identification:Package 'fishbot_description' with type 'ros.ament_cmake' and name 'fishbot_description'
[0.220s] Level 1:colcon.colcon_core.package_identification:_identify(fishbot_navigation2) by extensions ['ignore', 'ignore_ament_install']
[0.220s] Level 1:colcon.colcon_core.package_identification:_identify(fishbot_navigation2) by extension 'ignore'
[0.220s] Level 1:colcon.colcon_core.package_identification:_identify(fishbot_navigation2) by extension 'ignore_ament_install'
[0.220s] Level 1:colcon.colcon_core.package_identification:_identify(fishbot_navigation2) by extensions ['colcon_pkg']
[0.220s] Level 1:colcon.colcon_core.package_identification:_identify(fishbot_navigation2) by extension 'colcon_pkg'
[0.220s] Level 1:colcon.colcon_core.package_identification:_identify(fishbot_navigation2) by extensions ['colcon_meta']
[0.220s] Level 1:colcon.colcon_core.package_identification:_identify(fishbot_navigation2) by extension 'colcon_meta'
[0.220s] Level 1:colcon.colcon_core.package_identification:_identify(fishbot_navigation2) by extensions ['ros']
[0.220s] Level 1:colcon.colcon_core.package_identification:_identify(fishbot_navigation2) by extension 'ros'
[0.220s] DEBUG:colcon.colcon_core.package_identification:Package 'fishbot_navigation2' with type 'ros.ament_cmake' and name 'fishbot_navigation2'
[0.220s] Level 1:colcon.colcon_core.package_identification:_identify(install) by extensions ['ignore', 'ignore_ament_install']
[0.220s] Level 1:colcon.colcon_core.package_identification:_identify(install) by extension 'ignore'
[0.220s] Level 1:colcon.colcon_core.package_identification:_identify(install) ignored
[0.220s] Level 1:colcon.colcon_core.package_identification:_identify(log) by extensions ['ignore', 'ignore_ament_install']
[0.220s] Level 1:colcon.colcon_core.package_identification:_identify(log) by extension 'ignore'
[0.220s] Level 1:colcon.colcon_core.package_identification:_identify(log) ignored
[0.220s] Level 1:colcon.colcon_core.package_discovery:discover_packages(recursive) using defaults
[0.220s] Level 1:colcon.colcon_core.package_discovery:discover_packages(ignore) discover
[0.220s] Level 1:colcon.colcon_core.package_discovery:discover_packages(ignore) using defaults
[0.221s] Level 1:colcon.colcon_core.package_discovery:discover_packages(path) discover
[0.221s] Level 1:colcon.colcon_core.package_discovery:discover_packages(path) using defaults
[0.233s] Level 1:colcon.colcon_core.package_discovery:discover_packages(prefix_path) check parameters
[0.233s] Level 1:colcon.colcon_core.package_discovery:discover_packages(prefix_path) discover
[0.234s] DEBUG:colcon.colcon_installed_package_information.package_discovery:Found 3 installed packages in /home/ziyue/Project/chapt6/chapt6_ws/install
[0.235s] DEBUG:colcon.colcon_installed_package_information.package_discovery:Found 370 installed packages in /opt/ros/humble
[0.237s] Level 1:colcon.colcon_core.package_discovery:discover_packages(prefix_path) using defaults
[0.260s] Level 5:colcon.colcon_core.verb:set package 'fishbot_application' build argument 'cmake_args' from command line to 'None'
[0.260s] Level 5:colcon.colcon_core.verb:set package 'fishbot_application' build argument 'cmake_target' from command line to 'None'
[0.260s] Level 5:colcon.colcon_core.verb:set package 'fishbot_application' build argument 'cmake_target_skip_unavailable' from command line to 'False'
[0.260s] Level 5:colcon.colcon_core.verb:set package 'fishbot_application' build argument 'cmake_clean_cache' from command line to 'False'
[0.260s] Level 5:colcon.colcon_core.verb:set package 'fishbot_application' build argument 'cmake_clean_first' from command line to 'False'
[0.260s] Level 5:colcon.colcon_core.verb:set package 'fishbot_application' build argument 'cmake_force_configure' from command line to 'False'
[0.260s] Level 5:colcon.colcon_core.verb:set package 'fishbot_application' build argument 'ament_cmake_args' from command line to 'None'
[0.260s] Level 5:colcon.colcon_core.verb:set package 'fishbot_application' build argument 'catkin_cmake_args' from command line to 'None'
[0.260s] Level 5:colcon.colcon_core.verb:set package 'fishbot_application' build argument 'catkin_skip_building_tests' from command line to 'False'
[0.260s] DEBUG:colcon.colcon_core.verb:Building package 'fishbot_application' with the following arguments: {'ament_cmake_args': None, 'build_base': '/home/ziyue/Project/chapt6/chapt6_ws/src/build/fishbot_application', 'catkin_cmake_args': None, 'catkin_skip_building_tests': False, 'cmake_args': None, 'cmake_clean_cache': False, 'cmake_clean_first': False, 'cmake_force_configure': False, 'cmake_target': None, 'cmake_target_skip_unavailable': False, 'install_base': '/home/ziyue/Project/chapt6/chapt6_ws/src/install/fishbot_application', 'merge_install': False, 'path': '/home/ziyue/Project/chapt6/chapt6_ws/src/fishbot_application', 'symlink_install': False, 'test_result_base': None}
[0.261s] Level 5:colcon.colcon_core.verb:set package 'fishbot_description' build argument 'cmake_args' from command line to 'None'
[0.261s] Level 5:colcon.colcon_core.verb:set package 'fishbot_description' build argument 'cmake_target' from command line to 'None'
[0.261s] Level 5:colcon.colcon_core.verb:set package 'fishbot_description' build argument 'cmake_target_skip_unavailable' from command line to 'False'
[0.261s] Level 5:colcon.colcon_core.verb:set package 'fishbot_description' build argument 'cmake_clean_cache' from command line to 'False'
[0.261s] Level 5:colcon.colcon_core.verb:set package 'fishbot_description' build argument 'cmake_clean_first' from command line to 'False'
[0.261s] Level 5:colcon.colcon_core.verb:set package 'fishbot_description' build argument 'cmake_force_configure' from command line to 'False'
[0.261s] Level 5:colcon.colcon_core.verb:set package 'fishbot_description' build argument 'ament_cmake_args' from command line to 'None'
[0.261s] Level 5:colcon.colcon_core.verb:set package 'fishbot_description' build argument 'catkin_cmake_args' from command line to 'None'
[0.261s] Level 5:colcon.colcon_core.verb:set package 'fishbot_description' build argument 'catkin_skip_building_tests' from command line to 'False'
[0.261s] DEBUG:colcon.colcon_core.verb:Building package 'fishbot_description' with the following arguments: {'ament_cmake_args': None, 'build_base': '/home/ziyue/Project/chapt6/chapt6_ws/src/build/fishbot_description', 'catkin_cmake_args': None, 'catkin_skip_building_tests': False, 'cmake_args': None, 'cmake_clean_cache': False, 'cmake_clean_first': False, 'cmake_force_configure': False, 'cmake_target': None, 'cmake_target_skip_unavailable': False, 'install_base': '/home/ziyue/Project/chapt6/chapt6_ws/src/install/fishbot_description', 'merge_install': False, 'path': '/home/ziyue/Project/chapt6/chapt6_ws/src/fishbot_description', 'symlink_install': False, 'test_result_base': None}
[0.261s] Level 5:colcon.colcon_core.verb:set package 'fishbot_navigation2' build argument 'cmake_args' from command line to 'None'
[0.261s] Level 5:colcon.colcon_core.verb:set package 'fishbot_navigation2' build argument 'cmake_target' from command line to 'None'
[0.261s] Level 5:colcon.colcon_core.verb:set package 'fishbot_navigation2' build argument 'cmake_target_skip_unavailable' from command line to 'False'
[0.261s] Level 5:colcon.colcon_core.verb:set package 'fishbot_navigation2' build argument 'cmake_clean_cache' from command line to 'False'
[0.261s] Level 5:colcon.colcon_core.verb:set package 'fishbot_navigation2' build argument 'cmake_clean_first' from command line to 'False'
[0.261s] Level 5:colcon.colcon_core.verb:set package 'fishbot_navigation2' build argument 'cmake_force_configure' from command line to 'False'
[0.261s] Level 5:colcon.colcon_core.verb:set package 'fishbot_navigation2' build argument 'ament_cmake_args' from command line to 'None'
[0.261s] Level 5:colcon.colcon_core.verb:set package 'fishbot_navigation2' build argument 'catkin_cmake_args' from command line to 'None'
[0.261s] Level 5:colcon.colcon_core.verb:set package 'fishbot_navigation2' build argument 'catkin_skip_building_tests' from command line to 'False'
[0.261s] DEBUG:colcon.colcon_core.verb:Building package 'fishbot_navigation2' with the following arguments: {'ament_cmake_args': None, 'build_base': '/home/ziyue/Project/chapt6/chapt6_ws/src/build/fishbot_navigation2', 'catkin_cmake_args': None, 'catkin_skip_building_tests': False, 'cmake_args': None, 'cmake_clean_cache': False, 'cmake_clean_first': False, 'cmake_force_configure': False, 'cmake_target': None, 'cmake_target_skip_unavailable': False, 'install_base': '/home/ziyue/Project/chapt6/chapt6_ws/src/install/fishbot_navigation2', 'merge_install': False, 'path': '/home/ziyue/Project/chapt6/chapt6_ws/src/fishbot_navigation2', 'symlink_install': False, 'test_result_base': None}
[0.261s] INFO:colcon.colcon_core.executor:Executing jobs using 'parallel' executor
[0.262s] DEBUG:colcon.colcon_parallel_executor.executor.parallel:run_until_complete
[0.262s] INFO:colcon.colcon_ros.task.ament_python.build:Building ROS package in '/home/ziyue/Project/chapt6/chapt6_ws/src/fishbot_application' with build type 'ament_python'
[0.262s] Level 1:colcon.colcon_core.shell:create_environment_hook('fishbot_application', 'ament_prefix_path')
[0.263s] INFO:colcon.colcon_core.plugin_system:Skipping extension 'colcon_core.shell.bat': Not used on non-Windows systems
[0.263s] INFO:colcon.colcon_core.shell:Creating environment hook '/home/ziyue/Project/chapt6/chapt6_ws/src/install/fishbot_application/share/fishbot_application/hook/ament_prefix_path.ps1'
[0.263s] INFO:colcon.colcon_core.shell:Creating environment descriptor '/home/ziyue/Project/chapt6/chapt6_ws/src/install/fishbot_application/share/fishbot_application/hook/ament_prefix_path.dsv'
[0.264s] INFO:colcon.colcon_core.shell:Creating environment hook '/home/ziyue/Project/chapt6/chapt6_ws/src/install/fishbot_application/share/fishbot_application/hook/ament_prefix_path.sh'
[0.264s] INFO:colcon.colcon_core.shell:Skip shell extension 'powershell' for command environment: Not usable outside of PowerShell
[0.264s] DEBUG:colcon.colcon_core.shell:Skip shell extension 'dsv' for command environment
[0.265s] DEBUG:colcon.colcon_core.shell:Ignoring prefix path '/home/ziyue/catkin_ws/devel'
[0.266s] DEBUG:colcon.colcon_core.shell:Ignoring prefix path '/opt/ros/noetic'
[0.266s] INFO:colcon.colcon_ros.task.ament_cmake.build:Building ROS package in '/home/ziyue/Project/chapt6/chapt6_ws/src/fishbot_description' with build type 'ament_cmake'
[0.266s] INFO:colcon.colcon_cmake.task.cmake.build:Building CMake package in '/home/ziyue/Project/chapt6/chapt6_ws/src/fishbot_description'
[0.266s] INFO:colcon.colcon_core.shell:Skip shell extension 'powershell' for command environment: Not usable outside of PowerShell
[0.266s] DEBUG:colcon.colcon_core.shell:Skip shell extension 'dsv' for command environment
[0.268s] DEBUG:colcon.colcon_core.shell:Ignoring prefix path '/home/ziyue/catkin_ws/devel'
[0.268s] DEBUG:colcon.colcon_core.shell:Ignoring prefix path '/opt/ros/noetic'
[0.269s] INFO:colcon.colcon_ros.task.ament_cmake.build:Building ROS package in '/home/ziyue/Project/chapt6/chapt6_ws/src/fishbot_navigation2' with build type 'ament_cmake'
[0.269s] INFO:colcon.colcon_cmake.task.cmake.build:Building CMake package in '/home/ziyue/Project/chapt6/chapt6_ws/src/fishbot_navigation2'
[0.269s] INFO:colcon.colcon_core.shell:Skip shell extension 'powershell' for command environment: Not usable outside of PowerShell
[0.269s] DEBUG:colcon.colcon_core.shell:Skip shell extension 'dsv' for command environment
[0.271s] DEBUG:colcon.colcon_core.shell:Ignoring prefix path '/home/ziyue/catkin_ws/devel'
[0.271s] DEBUG:colcon.colcon_core.shell:Ignoring prefix path '/opt/ros/noetic'
[0.424s] INFO:colcon.colcon_core.task.python.build:Building Python package in '/home/ziyue/Project/chapt6/chapt6_ws/src/fishbot_application'
[0.424s] INFO:colcon.colcon_core.shell:Skip shell extension 'powershell' for command environment: Not usable outside of PowerShell
[0.424s] DEBUG:colcon.colcon_core.shell:Skip shell extension 'dsv' for command environment
[0.425s] DEBUG:colcon.colcon_core.shell:Ignoring prefix path '/home/ziyue/catkin_ws/devel'
[0.426s] DEBUG:colcon.colcon_core.shell:Ignoring prefix path '/opt/ros/noetic'
[0.429s] DEBUG:colcon.colcon_core.event_handler.log_command:Invoking command in '/home/ziyue/Project/chapt6/chapt6_ws/src/build/fishbot_description': CMAKE_PREFIX_PATH=/home/ziyue/Project/chapt6/chapt6_ws/install/fishbot_navigation2:/home/ziyue/Project/chapt6/chapt6_ws/install/fishbot_description:/opt/ros/humble:/home/ziyue/catkin_ws/devel:/opt/ros/noetic /usr/bin/cmake /home/ziyue/Project/chapt6/chapt6_ws/src/fishbot_description -DCMAKE_INSTALL_PREFIX=/home/ziyue/Project/chapt6/chapt6_ws/src/install/fishbot_description
[0.431s] DEBUG:colcon.colcon_core.event_handler.log_command:Invoking command in '/home/ziyue/Project/chapt6/chapt6_ws/src/build/fishbot_navigation2': CMAKE_PREFIX_PATH=/home/ziyue/Project/chapt6/chapt6_ws/install/fishbot_navigation2:/home/ziyue/Project/chapt6/chapt6_ws/install/fishbot_description:/opt/ros/humble:/home/ziyue/catkin_ws/devel:/opt/ros/noetic /usr/bin/cmake /home/ziyue/Project/chapt6/chapt6_ws/src/fishbot_navigation2 -DCMAKE_INSTALL_PREFIX=/home/ziyue/Project/chapt6/chapt6_ws/src/install/fishbot_navigation2
[0.693s] DEBUG:colcon.colcon_core.event_handler.log_command:Invoking command in '/home/ziyue/Project/chapt6/chapt6_ws/src/fishbot_application': PYTHONPATH=/home/ziyue/Project/chapt6/chapt6_ws/src/build/fishbot_application/prefix_override:/usr/lib/python3/dist-packages/colcon_core/task/python/colcon_distutils_commands:/home/ziyue/Project/chapt6/chapt6_ws/src/install/fishbot_application/lib/python3.10/site-packages:${PYTHONPATH} /usr/bin/python3 -W ignore:setup.py install is deprecated -W ignore:easy_install command is deprecated setup.py egg_info --egg-base ../build/fishbot_application build --build-base /home/ziyue/Project/chapt6/chapt6_ws/src/build/fishbot_application/build install --record /home/ziyue/Project/chapt6/chapt6_ws/src/build/fishbot_application/install.log --single-version-externally-managed install_data
[0.893s] DEBUG:colcon.colcon_core.event_handler.log_command:Invoked command in '/home/ziyue/Project/chapt6/chapt6_ws/src/build/fishbot_navigation2' returned '0': CMAKE_PREFIX_PATH=/home/ziyue/Project/chapt6/chapt6_ws/install/fishbot_navigation2:/home/ziyue/Project/chapt6/chapt6_ws/install/fishbot_description:/opt/ros/humble:/home/ziyue/catkin_ws/devel:/opt/ros/noetic /usr/bin/cmake /home/ziyue/Project/chapt6/chapt6_ws/src/fishbot_navigation2 -DCMAKE_INSTALL_PREFIX=/home/ziyue/Project/chapt6/chapt6_ws/src/install/fishbot_navigation2
[0.895s] DEBUG:colcon.colcon_core.event_handler.log_command:Invoking command in '/home/ziyue/Project/chapt6/chapt6_ws/src/build/fishbot_navigation2': CMAKE_PREFIX_PATH=/home/ziyue/Project/chapt6/chapt6_ws/install/fishbot_navigation2:/home/ziyue/Project/chapt6/chapt6_ws/install/fishbot_description:/opt/ros/humble:/home/ziyue/catkin_ws/devel:/opt/ros/noetic /usr/bin/cmake --build /home/ziyue/Project/chapt6/chapt6_ws/src/build/fishbot_navigation2 -- -j32 -l32
[0.895s] DEBUG:colcon.colcon_core.event_handler.log_command:Invoked command in '/home/ziyue/Project/chapt6/chapt6_ws/src/build/fishbot_description' returned '0': CMAKE_PREFIX_PATH=/home/ziyue/Project/chapt6/chapt6_ws/install/fishbot_navigation2:/home/ziyue/Project/chapt6/chapt6_ws/install/fishbot_description:/opt/ros/humble:/home/ziyue/catkin_ws/devel:/opt/ros/noetic /usr/bin/cmake /home/ziyue/Project/chapt6/chapt6_ws/src/fishbot_description -DCMAKE_INSTALL_PREFIX=/home/ziyue/Project/chapt6/chapt6_ws/src/install/fishbot_description
[0.896s] DEBUG:colcon.colcon_core.event_handler.log_command:Invoking command in '/home/ziyue/Project/chapt6/chapt6_ws/src/build/fishbot_description': CMAKE_PREFIX_PATH=/home/ziyue/Project/chapt6/chapt6_ws/install/fishbot_navigation2:/home/ziyue/Project/chapt6/chapt6_ws/install/fishbot_description:/opt/ros/humble:/home/ziyue/catkin_ws/devel:/opt/ros/noetic /usr/bin/cmake --build /home/ziyue/Project/chapt6/chapt6_ws/src/build/fishbot_description -- -j32 -l32
[0.897s] DEBUG:colcon.colcon_core.event_handler.log_command:Invoked command in '/home/ziyue/Project/chapt6/chapt6_ws/src/fishbot_application' returned '0': PYTHONPATH=/home/ziyue/Project/chapt6/chapt6_ws/src/build/fishbot_application/prefix_override:/usr/lib/python3/dist-packages/colcon_core/task/python/colcon_distutils_commands:/home/ziyue/Project/chapt6/chapt6_ws/src/install/fishbot_application/lib/python3.10/site-packages:${PYTHONPATH} /usr/bin/python3 -W ignore:setup.py install is deprecated -W ignore:easy_install command is deprecated setup.py egg_info --egg-base ../build/fishbot_application build --build-base /home/ziyue/Project/chapt6/chapt6_ws/src/build/fishbot_application/build install --record /home/ziyue/Project/chapt6/chapt6_ws/src/build/fishbot_application/install.log --single-version-externally-managed install_data
[0.898s] Level 1:colcon.colcon_core.environment:checking '/home/ziyue/Project/chapt6/chapt6_ws/src/install/fishbot_application' for CMake module files
[0.898s] Level 1:colcon.colcon_core.environment:checking '/home/ziyue/Project/chapt6/chapt6_ws/src/install/fishbot_application' for CMake config files
[0.899s] Level 1:colcon.colcon_core.environment:checking '/home/ziyue/Project/chapt6/chapt6_ws/src/install/fishbot_application/lib'
[0.899s] Level 1:colcon.colcon_core.environment:checking '/home/ziyue/Project/chapt6/chapt6_ws/src/install/fishbot_application/bin'
[0.899s] Level 1:colcon.colcon_core.environment:checking '/home/ziyue/Project/chapt6/chapt6_ws/src/install/fishbot_application/lib/pkgconfig/fishbot_application.pc'
[0.899s] Level 1:colcon.colcon_core.environment:checking '/home/ziyue/Project/chapt6/chapt6_ws/src/install/fishbot_application/lib/python3.10/site-packages'
[0.899s] Level 1:colcon.colcon_core.shell:create_environment_hook('fishbot_application', 'pythonpath')
[0.899s] INFO:colcon.colcon_core.shell:Creating environment hook '/home/ziyue/Project/chapt6/chapt6_ws/src/install/fishbot_application/share/fishbot_application/hook/pythonpath.ps1'
[0.900s] INFO:colcon.colcon_core.shell:Creating environment descriptor '/home/ziyue/Project/chapt6/chapt6_ws/src/install/fishbot_application/share/fishbot_application/hook/pythonpath.dsv'
[0.900s] INFO:colcon.colcon_core.shell:Creating environment hook '/home/ziyue/Project/chapt6/chapt6_ws/src/install/fishbot_application/share/fishbot_application/hook/pythonpath.sh'
[0.900s] Level 1:colcon.colcon_core.environment:checking '/home/ziyue/Project/chapt6/chapt6_ws/src/install/fishbot_application/bin'
[0.900s] Level 1:colcon.colcon_core.environment:create_environment_scripts_only(fishbot_application)
[0.900s] INFO:colcon.colcon_core.shell:Creating package script '/home/ziyue/Project/chapt6/chapt6_ws/src/install/fishbot_application/share/fishbot_application/package.ps1'
[0.901s] INFO:colcon.colcon_core.shell:Creating package descriptor '/home/ziyue/Project/chapt6/chapt6_ws/src/install/fishbot_application/share/fishbot_application/package.dsv'
[0.901s] INFO:colcon.colcon_core.shell:Creating package script '/home/ziyue/Project/chapt6/chapt6_ws/src/install/fishbot_application/share/fishbot_application/package.sh'
[0.901s] INFO:colcon.colcon_core.shell:Creating package script '/home/ziyue/Project/chapt6/chapt6_ws/src/install/fishbot_application/share/fishbot_application/package.bash'
[0.902s] INFO:colcon.colcon_core.shell:Creating package script '/home/ziyue/Project/chapt6/chapt6_ws/src/install/fishbot_application/share/fishbot_application/package.zsh'
[0.902s] Level 1:colcon.colcon_core.environment:create_file_with_runtime_dependencies(/home/ziyue/Project/chapt6/chapt6_ws/src/install/fishbot_application/share/colcon-core/packages/fishbot_application)
[0.924s] DEBUG:colcon.colcon_core.event_handler.log_command:Invoked command in '/home/ziyue/Project/chapt6/chapt6_ws/src/build/fishbot_navigation2' returned '0': CMAKE_PREFIX_PATH=/home/ziyue/Project/chapt6/chapt6_ws/install/fishbot_navigation2:/home/ziyue/Project/chapt6/chapt6_ws/install/fishbot_description:/opt/ros/humble:/home/ziyue/catkin_ws/devel:/opt/ros/noetic /usr/bin/cmake --build /home/ziyue/Project/chapt6/chapt6_ws/src/build/fishbot_navigation2 -- -j32 -l32
[0.932s] DEBUG:colcon.colcon_core.event_handler.log_command:Invoking command in '/home/ziyue/Project/chapt6/chapt6_ws/src/build/fishbot_navigation2': CMAKE_PREFIX_PATH=/home/ziyue/Project/chapt6/chapt6_ws/install/fishbot_navigation2:/home/ziyue/Project/chapt6/chapt6_ws/install/fishbot_description:/opt/ros/humble:/home/ziyue/catkin_ws/devel:/opt/ros/noetic /usr/bin/cmake --install /home/ziyue/Project/chapt6/chapt6_ws/src/build/fishbot_navigation2
[0.932s] DEBUG:colcon.colcon_core.event_handler.log_command:Invoked command in '/home/ziyue/Project/chapt6/chapt6_ws/src/build/fishbot_description' returned '0': CMAKE_PREFIX_PATH=/home/ziyue/Project/chapt6/chapt6_ws/install/fishbot_navigation2:/home/ziyue/Project/chapt6/chapt6_ws/install/fishbot_description:/opt/ros/humble:/home/ziyue/catkin_ws/devel:/opt/ros/noetic /usr/bin/cmake --build /home/ziyue/Project/chapt6/chapt6_ws/src/build/fishbot_description -- -j32 -l32
[0.933s] DEBUG:colcon.colcon_core.event_handler.log_command:Invoking command in '/home/ziyue/Project/chapt6/chapt6_ws/src/build/fishbot_description': CMAKE_PREFIX_PATH=/home/ziyue/Project/chapt6/chapt6_ws/install/fishbot_navigation2:/home/ziyue/Project/chapt6/chapt6_ws/install/fishbot_description:/opt/ros/humble:/home/ziyue/catkin_ws/devel:/opt/ros/noetic /usr/bin/cmake --install /home/ziyue/Project/chapt6/chapt6_ws/src/build/fishbot_description
[0.942s] Level 1:colcon.colcon_core.environment:create_environment_scripts_only(fishbot_navigation2)
[0.942s] DEBUG:colcon.colcon_core.event_handler.log_command:Invoked command in '/home/ziyue/Project/chapt6/chapt6_ws/src/build/fishbot_navigation2' returned '0': CMAKE_PREFIX_PATH=/home/ziyue/Project/chapt6/chapt6_ws/install/fishbot_navigation2:/home/ziyue/Project/chapt6/chapt6_ws/install/fishbot_description:/opt/ros/humble:/home/ziyue/catkin_ws/devel:/opt/ros/noetic /usr/bin/cmake --install /home/ziyue/Project/chapt6/chapt6_ws/src/build/fishbot_navigation2
[0.942s] Level 1:colcon.colcon_core.environment:checking '/home/ziyue/Project/chapt6/chapt6_ws/src/install/fishbot_navigation2' for CMake module files
[0.944s] Level 1:colcon.colcon_core.environment:checking '/home/ziyue/Project/chapt6/chapt6_ws/src/install/fishbot_navigation2' for CMake config files
[0.944s] Level 1:colcon.colcon_core.shell:create_environment_hook('fishbot_navigation2', 'cmake_prefix_path')
[0.944s] INFO:colcon.colcon_core.shell:Creating environment hook '/home/ziyue/Project/chapt6/chapt6_ws/src/install/fishbot_navigation2/share/fishbot_navigation2/hook/cmake_prefix_path.ps1'
[0.945s] INFO:colcon.colcon_core.shell:Creating environment descriptor '/home/ziyue/Project/chapt6/chapt6_ws/src/install/fishbot_navigation2/share/fishbot_navigation2/hook/cmake_prefix_path.dsv'
[0.945s] INFO:colcon.colcon_core.shell:Creating environment hook '/home/ziyue/Project/chapt6/chapt6_ws/src/install/fishbot_navigation2/share/fishbot_navigation2/hook/cmake_prefix_path.sh'
[0.945s] Level 1:colcon.colcon_core.environment:checking '/home/ziyue/Project/chapt6/chapt6_ws/src/install/fishbot_navigation2/bin'
[0.945s] Level 1:colcon.colcon_core.environment:checking '/home/ziyue/Project/chapt6/chapt6_ws/src/install/fishbot_navigation2/lib/pkgconfig/fishbot_navigation2.pc'
[0.945s] Level 1:colcon.colcon_core.environment:checking '/home/ziyue/Project/chapt6/chapt6_ws/src/install/fishbot_navigation2/lib/python3.10/site-packages'
[0.946s] Level 1:colcon.colcon_core.environment:checking '/home/ziyue/Project/chapt6/chapt6_ws/src/install/fishbot_navigation2/bin'
[0.946s] INFO:colcon.colcon_core.shell:Creating package script '/home/ziyue/Project/chapt6/chapt6_ws/src/install/fishbot_navigation2/share/fishbot_navigation2/package.ps1'
[0.946s] INFO:colcon.colcon_core.shell:Creating package descriptor '/home/ziyue/Project/chapt6/chapt6_ws/src/install/fishbot_navigation2/share/fishbot_navigation2/package.dsv'
[0.946s] INFO:colcon.colcon_core.shell:Creating package script '/home/ziyue/Project/chapt6/chapt6_ws/src/install/fishbot_navigation2/share/fishbot_navigation2/package.sh'
[0.947s] INFO:colcon.colcon_core.shell:Creating package script '/home/ziyue/Project/chapt6/chapt6_ws/src/install/fishbot_navigation2/share/fishbot_navigation2/package.bash'
[0.947s] INFO:colcon.colcon_core.shell:Creating package script '/home/ziyue/Project/chapt6/chapt6_ws/src/install/fishbot_navigation2/share/fishbot_navigation2/package.zsh'
[0.947s] Level 1:colcon.colcon_core.environment:create_file_with_runtime_dependencies(/home/ziyue/Project/chapt6/chapt6_ws/src/install/fishbot_navigation2/share/colcon-core/packages/fishbot_navigation2)
[0.947s] Level 1:colcon.colcon_core.environment:create_environment_scripts_only(fishbot_navigation2)
[0.947s] Level 1:colcon.colcon_core.environment:checking '/home/ziyue/Project/chapt6/chapt6_ws/src/install/fishbot_navigation2' for CMake module files
[0.948s] Level 1:colcon.colcon_core.environment:checking '/home/ziyue/Project/chapt6/chapt6_ws/src/install/fishbot_navigation2' for CMake config files
[0.948s] Level 1:colcon.colcon_core.shell:create_environment_hook('fishbot_navigation2', 'cmake_prefix_path')
[0.948s] INFO:colcon.colcon_core.shell:Creating environment hook '/home/ziyue/Project/chapt6/chapt6_ws/src/install/fishbot_navigation2/share/fishbot_navigation2/hook/cmake_prefix_path.ps1'
[0.948s] INFO:colcon.colcon_core.shell:Creating environment descriptor '/home/ziyue/Project/chapt6/chapt6_ws/src/install/fishbot_navigation2/share/fishbot_navigation2/hook/cmake_prefix_path.dsv'
[0.948s] INFO:colcon.colcon_core.shell:Creating environment hook '/home/ziyue/Project/chapt6/chapt6_ws/src/install/fishbot_navigation2/share/fishbot_navigation2/hook/cmake_prefix_path.sh'
[0.949s] Level 1:colcon.colcon_core.environment:checking '/home/ziyue/Project/chapt6/chapt6_ws/src/install/fishbot_navigation2/bin'
[0.949s] Level 1:colcon.colcon_core.environment:checking '/home/ziyue/Project/chapt6/chapt6_ws/src/install/fishbot_navigation2/lib/pkgconfig/fishbot_navigation2.pc'
[0.949s] Level 1:colcon.colcon_core.environment:checking '/home/ziyue/Project/chapt6/chapt6_ws/src/install/fishbot_navigation2/lib/python3.10/site-packages'
[0.949s] Level 1:colcon.colcon_core.environment:checking '/home/ziyue/Project/chapt6/chapt6_ws/src/install/fishbot_navigation2/bin'
[0.949s] INFO:colcon.colcon_core.shell:Creating package script '/home/ziyue/Project/chapt6/chapt6_ws/src/install/fishbot_navigation2/share/fishbot_navigation2/package.ps1'
[0.949s] INFO:colcon.colcon_core.shell:Creating package descriptor '/home/ziyue/Project/chapt6/chapt6_ws/src/install/fishbot_navigation2/share/fishbot_navigation2/package.dsv'
[0.950s] INFO:colcon.colcon_core.shell:Creating package script '/home/ziyue/Project/chapt6/chapt6_ws/src/install/fishbot_navigation2/share/fishbot_navigation2/package.sh'
[0.950s] INFO:colcon.colcon_core.shell:Creating package script '/home/ziyue/Project/chapt6/chapt6_ws/src/install/fishbot_navigation2/share/fishbot_navigation2/package.bash'
[0.950s] INFO:colcon.colcon_core.shell:Creating package script '/home/ziyue/Project/chapt6/chapt6_ws/src/install/fishbot_navigation2/share/fishbot_navigation2/package.zsh'
[0.950s] Level 1:colcon.colcon_core.environment:create_file_with_runtime_dependencies(/home/ziyue/Project/chapt6/chapt6_ws/src/install/fishbot_navigation2/share/colcon-core/packages/fishbot_navigation2)
[0.951s] Level 1:colcon.colcon_core.environment:create_environment_scripts_only(fishbot_description)
[0.951s] Level 1:colcon.colcon_core.environment:checking '/home/ziyue/Project/chapt6/chapt6_ws/src/install/fishbot_description' for CMake module files
[0.952s] DEBUG:colcon.colcon_core.event_handler.log_command:Invoked command in '/home/ziyue/Project/chapt6/chapt6_ws/src/build/fishbot_description' returned '0': CMAKE_PREFIX_PATH=/home/ziyue/Project/chapt6/chapt6_ws/install/fishbot_navigation2:/home/ziyue/Project/chapt6/chapt6_ws/install/fishbot_description:/opt/ros/humble:/home/ziyue/catkin_ws/devel:/opt/ros/noetic /usr/bin/cmake --install /home/ziyue/Project/chapt6/chapt6_ws/src/build/fishbot_description
[0.952s] Level 1:colcon.colcon_core.environment:checking '/home/ziyue/Project/chapt6/chapt6_ws/src/install/fishbot_description' for CMake config files
[0.952s] Level 1:colcon.colcon_core.shell:create_environment_hook('fishbot_description', 'cmake_prefix_path')
[0.952s] INFO:colcon.colcon_core.shell:Creating environment hook '/home/ziyue/Project/chapt6/chapt6_ws/src/install/fishbot_description/share/fishbot_description/hook/cmake_prefix_path.ps1'
[0.952s] INFO:colcon.colcon_core.shell:Creating environment descriptor '/home/ziyue/Project/chapt6/chapt6_ws/src/install/fishbot_description/share/fishbot_description/hook/cmake_prefix_path.dsv'
[0.952s] INFO:colcon.colcon_core.shell:Creating environment hook '/home/ziyue/Project/chapt6/chapt6_ws/src/install/fishbot_description/share/fishbot_description/hook/cmake_prefix_path.sh'
[0.953s] Level 1:colcon.colcon_core.environment:checking '/home/ziyue/Project/chapt6/chapt6_ws/src/install/fishbot_description/bin'
[0.953s] Level 1:colcon.colcon_core.environment:checking '/home/ziyue/Project/chapt6/chapt6_ws/src/install/fishbot_description/lib/pkgconfig/fishbot_description.pc'
[0.953s] Level 1:colcon.colcon_core.environment:checking '/home/ziyue/Project/chapt6/chapt6_ws/src/install/fishbot_description/lib/python3.10/site-packages'
[0.953s] Level 1:colcon.colcon_core.environment:checking '/home/ziyue/Project/chapt6/chapt6_ws/src/install/fishbot_description/bin'
[0.953s] INFO:colcon.colcon_core.shell:Creating package script '/home/ziyue/Project/chapt6/chapt6_ws/src/install/fishbot_description/share/fishbot_description/package.ps1'
[0.953s] INFO:colcon.colcon_core.shell:Creating package descriptor '/home/ziyue/Project/chapt6/chapt6_ws/src/install/fishbot_description/share/fishbot_description/package.dsv'
[0.954s] INFO:colcon.colcon_core.shell:Creating package script '/home/ziyue/Project/chapt6/chapt6_ws/src/install/fishbot_description/share/fishbot_description/package.sh'
[0.954s] INFO:colcon.colcon_core.shell:Creating package script '/home/ziyue/Project/chapt6/chapt6_ws/src/install/fishbot_description/share/fishbot_description/package.bash'
[0.954s] INFO:colcon.colcon_core.shell:Creating package script '/home/ziyue/Project/chapt6/chapt6_ws/src/install/fishbot_description/share/fishbot_description/package.zsh'
[0.954s] Level 1:colcon.colcon_core.environment:create_file_with_runtime_dependencies(/home/ziyue/Project/chapt6/chapt6_ws/src/install/fishbot_description/share/colcon-core/packages/fishbot_description)
[0.955s] Level 1:colcon.colcon_core.environment:create_environment_scripts_only(fishbot_description)
[0.955s] Level 1:colcon.colcon_core.environment:checking '/home/ziyue/Project/chapt6/chapt6_ws/src/install/fishbot_description' for CMake module files
[0.955s] Level 1:colcon.colcon_core.environment:checking '/home/ziyue/Project/chapt6/chapt6_ws/src/install/fishbot_description' for CMake config files
[0.955s] Level 1:colcon.colcon_core.shell:create_environment_hook('fishbot_description', 'cmake_prefix_path')
[0.955s] INFO:colcon.colcon_core.shell:Creating environment hook '/home/ziyue/Project/chapt6/chapt6_ws/src/install/fishbot_description/share/fishbot_description/hook/cmake_prefix_path.ps1'
[0.956s] INFO:colcon.colcon_core.shell:Creating environment descriptor '/home/ziyue/Project/chapt6/chapt6_ws/src/install/fishbot_description/share/fishbot_description/hook/cmake_prefix_path.dsv'
[0.956s] INFO:colcon.colcon_core.shell:Creating environment hook '/home/ziyue/Project/chapt6/chapt6_ws/src/install/fishbot_description/share/fishbot_description/hook/cmake_prefix_path.sh'
[0.956s] Level 1:colcon.colcon_core.environment:checking '/home/ziyue/Project/chapt6/chapt6_ws/src/install/fishbot_description/bin'
[0.956s] Level 1:colcon.colcon_core.environment:checking '/home/ziyue/Project/chapt6/chapt6_ws/src/install/fishbot_description/lib/pkgconfig/fishbot_description.pc'
[0.956s] Level 1:colcon.colcon_core.environment:checking '/home/ziyue/Project/chapt6/chapt6_ws/src/install/fishbot_description/lib/python3.10/site-packages'
[0.956s] Level 1:colcon.colcon_core.environment:checking '/home/ziyue/Project/chapt6/chapt6_ws/src/install/fishbot_description/bin'
[0.957s] INFO:colcon.colcon_core.shell:Creating package script '/home/ziyue/Project/chapt6/chapt6_ws/src/install/fishbot_description/share/fishbot_description/package.ps1'
[0.957s] INFO:colcon.colcon_core.shell:Creating package descriptor '/home/ziyue/Project/chapt6/chapt6_ws/src/install/fishbot_description/share/fishbot_description/package.dsv'
[0.957s] INFO:colcon.colcon_core.shell:Creating package script '/home/ziyue/Project/chapt6/chapt6_ws/src/install/fishbot_description/share/fishbot_description/package.sh'
[0.957s] INFO:colcon.colcon_core.shell:Creating package script '/home/ziyue/Project/chapt6/chapt6_ws/src/install/fishbot_description/share/fishbot_description/package.bash'
[0.958s] INFO:colcon.colcon_core.shell:Creating package script '/home/ziyue/Project/chapt6/chapt6_ws/src/install/fishbot_description/share/fishbot_description/package.zsh'
[0.958s] Level 1:colcon.colcon_core.environment:create_file_with_runtime_dependencies(/home/ziyue/Project/chapt6/chapt6_ws/src/install/fishbot_description/share/colcon-core/packages/fishbot_description)
[0.958s] DEBUG:colcon.colcon_parallel_executor.executor.parallel:closing loop
[0.958s] DEBUG:colcon.colcon_parallel_executor.executor.parallel:loop closed
[0.958s] DEBUG:colcon.colcon_parallel_executor.executor.parallel:run_until_complete finished with '0'
[0.958s] DEBUG:colcon.colcon_core.event_reactor:joining thread
[0.962s] INFO:colcon.colcon_core.plugin_system:Skipping extension 'colcon_notification.desktop_notification.terminal_notifier': Not used on non-Darwin systems
[0.962s] INFO:colcon.colcon_core.plugin_system:Skipping extension 'colcon_notification.desktop_notification.win32': Not used on non-Windows systems
[0.962s] INFO:colcon.colcon_notification.desktop_notification:Sending desktop notification using 'notify2'
[0.970s] DEBUG:colcon.colcon_core.event_reactor:joined thread
[0.970s] INFO:colcon.colcon_core.shell:Creating prefix script '/home/ziyue/Project/chapt6/chapt6_ws/src/install/local_setup.ps1'
[0.970s] INFO:colcon.colcon_core.shell:Creating prefix util module '/home/ziyue/Project/chapt6/chapt6_ws/src/install/_local_setup_util_ps1.py'
[0.971s] INFO:colcon.colcon_core.shell:Creating prefix chain script '/home/ziyue/Project/chapt6/chapt6_ws/src/install/setup.ps1'
[0.972s] INFO:colcon.colcon_core.shell:Creating prefix script '/home/ziyue/Project/chapt6/chapt6_ws/src/install/local_setup.sh'
[0.972s] INFO:colcon.colcon_core.shell:Creating prefix util module '/home/ziyue/Project/chapt6/chapt6_ws/src/install/_local_setup_util_sh.py'
[0.972s] INFO:colcon.colcon_core.shell:Creating prefix chain script '/home/ziyue/Project/chapt6/chapt6_ws/src/install/setup.sh'
[0.973s] INFO:colcon.colcon_core.shell:Creating prefix script '/home/ziyue/Project/chapt6/chapt6_ws/src/install/local_setup.bash'
[0.973s] INFO:colcon.colcon_core.shell:Creating prefix chain script '/home/ziyue/Project/chapt6/chapt6_ws/src/install/setup.bash'
[0.974s] INFO:colcon.colcon_core.shell:Creating prefix script '/home/ziyue/Project/chapt6/chapt6_ws/src/install/local_setup.zsh'
[0.974s] INFO:colcon.colcon_core.shell:Creating prefix chain script '/home/ziyue/Project/chapt6/chapt6_ws/src/install/setup.zsh'
