[0.166s] Invoking command in '/home/ziyue/Project/chapt6/chapt6_ws/src/build/fishbot_description': CMAKE_PREFIX_PATH=/home/ziyue/Project/chapt6/chapt6_ws/src/install/fishbot_navigation2:/home/ziyue/Project/chapt6/chapt6_ws/src/install/fishbot_description:/home/ziyue/Project/chapt6/chapt6_ws/install/fishbot_navigation2:/home/ziyue/Project/chapt6/chapt6_ws/install/fishbot_description:/home/ziyue/Project/chapt6/chapt6_ws/src/install/fishbot_application:/opt/ros/humble:/home/ziyue/catkin_ws/devel:/opt/ros/noetic /usr/bin/cmake --build /home/ziyue/Project/chapt6/chapt6_ws/src/build/fishbot_description -- -j32 -l32
[0.196s] Invoked command in '/home/ziyue/Project/chapt6/chapt6_ws/src/build/fishbot_description' returned '0': CMAKE_PREFIX_PATH=/home/ziyue/Project/chapt6/chapt6_ws/src/install/fishbot_navigation2:/home/ziyue/Project/chapt6/chapt6_ws/src/install/fishbot_description:/home/ziyue/Project/chapt6/chapt6_ws/install/fishbot_navigation2:/home/ziyue/Project/chapt6/chapt6_ws/install/fishbot_description:/home/ziyue/Project/chapt6/chapt6_ws/src/install/fishbot_application:/opt/ros/humble:/home/ziyue/catkin_ws/devel:/opt/ros/noetic /usr/bin/cmake --build /home/ziyue/Project/chapt6/chapt6_ws/src/build/fishbot_description -- -j32 -l32
[0.204s] Invoking command in '/home/ziyue/Project/chapt6/chapt6_ws/src/build/fishbot_description': CMAKE_PREFIX_PATH=/home/ziyue/Project/chapt6/chapt6_ws/src/install/fishbot_navigation2:/home/ziyue/Project/chapt6/chapt6_ws/src/install/fishbot_description:/home/ziyue/Project/chapt6/chapt6_ws/install/fishbot_navigation2:/home/ziyue/Project/chapt6/chapt6_ws/install/fishbot_description:/home/ziyue/Project/chapt6/chapt6_ws/src/install/fishbot_application:/opt/ros/humble:/home/ziyue/catkin_ws/devel:/opt/ros/noetic /usr/bin/cmake --install /home/ziyue/Project/chapt6/chapt6_ws/src/build/fishbot_description
[0.211s] -- Install configuration: ""
[0.211s] -- Up-to-date: /home/ziyue/Project/chapt6/chapt6_ws/src/install/fishbot_description/share/fishbot_description/launch
[0.212s] -- Up-to-date: /home/ziyue/Project/chapt6/chapt6_ws/src/install/fishbot_description/share/fishbot_description/launch/display_robot.launch.py
[0.212s] -- Up-to-date: /home/ziyue/Project/chapt6/chapt6_ws/src/install/fishbot_description/share/fishbot_description/launch/gazebo_sim.launch.py
[0.212s] -- Up-to-date: /home/ziyue/Project/chapt6/chapt6_ws/src/install/fishbot_description/share/fishbot_description/urdf
[0.212s] -- Up-to-date: /home/ziyue/Project/chapt6/chapt6_ws/src/install/fishbot_description/share/fishbot_description/urdf/first_robot.gv
[0.212s] -- Up-to-date: /home/ziyue/Project/chapt6/chapt6_ws/src/install/fishbot_description/share/fishbot_description/urdf/first_robot.pdf
[0.212s] -- Up-to-date: /home/ziyue/Project/chapt6/chapt6_ws/src/install/fishbot_description/share/fishbot_description/urdf/fishbot
[0.212s] -- Up-to-date: /home/ziyue/Project/chapt6/chapt6_ws/src/install/fishbot_description/share/fishbot_description/urdf/fishbot/common_inertia.xacro
[0.212s] -- Up-to-date: /home/ziyue/Project/chapt6/chapt6_ws/src/install/fishbot_description/share/fishbot_description/urdf/fishbot/fishbot.ros2_control.xacro
[0.212s] -- Up-to-date: /home/ziyue/Project/chapt6/chapt6_ws/src/install/fishbot_description/share/fishbot_description/urdf/fishbot/plugins
[0.212s] -- Up-to-date: /home/ziyue/Project/chapt6/chapt6_ws/src/install/fishbot_description/share/fishbot_description/urdf/fishbot/plugins/gazebo_control_plugin.xacro
[0.213s] -- Up-to-date: /home/ziyue/Project/chapt6/chapt6_ws/src/install/fishbot_description/share/fishbot_description/urdf/fishbot/plugins/gazebo_sensor_plugin.xacro
[0.213s] -- Up-to-date: /home/ziyue/Project/chapt6/chapt6_ws/src/install/fishbot_description/share/fishbot_description/urdf/fishbot/base.urdf.xacro
[0.213s] -- Up-to-date: /home/ziyue/Project/chapt6/chapt6_ws/src/install/fishbot_description/share/fishbot_description/urdf/fishbot/actuator
[0.213s] -- Up-to-date: /home/ziyue/Project/chapt6/chapt6_ws/src/install/fishbot_description/share/fishbot_description/urdf/fishbot/actuator/caster.urdf.xacro
[0.213s] -- Up-to-date: /home/ziyue/Project/chapt6/chapt6_ws/src/install/fishbot_description/share/fishbot_description/urdf/fishbot/actuator/wheel.urdf.xacro
[0.213s] -- Up-to-date: /home/ziyue/Project/chapt6/chapt6_ws/src/install/fishbot_description/share/fishbot_description/urdf/fishbot/fishbot.urdf.xacro
[0.213s] -- Up-to-date: /home/ziyue/Project/chapt6/chapt6_ws/src/install/fishbot_description/share/fishbot_description/urdf/fishbot/sensor
[0.213s] -- Up-to-date: /home/ziyue/Project/chapt6/chapt6_ws/src/install/fishbot_description/share/fishbot_description/urdf/fishbot/sensor/laser.urdf.xacro
[0.213s] -- Up-to-date: /home/ziyue/Project/chapt6/chapt6_ws/src/install/fishbot_description/share/fishbot_description/urdf/fishbot/sensor/camera.urdf.xacro
[0.214s] -- Up-to-date: /home/ziyue/Project/chapt6/chapt6_ws/src/install/fishbot_description/share/fishbot_description/urdf/fishbot/sensor/imu.urdf.xacro
[0.214s] -- Up-to-date: /home/ziyue/Project/chapt6/chapt6_ws/src/install/fishbot_description/share/fishbot_description/urdf/first_robot.urdf
[0.214s] -- Up-to-date: /home/ziyue/Project/chapt6/chapt6_ws/src/install/fishbot_description/share/fishbot_description/urdf/first_robot.urdf.xacro
[0.214s] -- Up-to-date: /home/ziyue/Project/chapt6/chapt6_ws/src/install/fishbot_description/share/fishbot_description/config
[0.214s] -- Up-to-date: /home/ziyue/Project/chapt6/chapt6_ws/src/install/fishbot_description/share/fishbot_description/config/rviz
[0.214s] -- Up-to-date: /home/ziyue/Project/chapt6/chapt6_ws/src/install/fishbot_description/share/fishbot_description/config/rviz/dispaly_robot_model.rviz
[0.214s] -- Up-to-date: /home/ziyue/Project/chapt6/chapt6_ws/src/install/fishbot_description/share/fishbot_description/config/rviz/dispaly_model.rviz
[0.214s] -- Up-to-date: /home/ziyue/Project/chapt6/chapt6_ws/src/install/fishbot_description/share/fishbot_description/config/fishbot_ros2_controller.yaml
[0.214s] -- Up-to-date: /home/ziyue/Project/chapt6/chapt6_ws/src/install/fishbot_description/share/fishbot_description/world
[0.214s] -- Up-to-date: /home/ziyue/Project/chapt6/chapt6_ws/src/install/fishbot_description/share/fishbot_description/world/custom_room.world
[0.214s] -- Up-to-date: /home/ziyue/Project/chapt6/chapt6_ws/src/install/fishbot_description/share/fishbot_description/world/obstacle.world
[0.214s] -- Up-to-date: /home/ziyue/Project/chapt6/chapt6_ws/src/install/fishbot_description/share/fishbot_description/world/room
[0.214s] -- Up-to-date: /home/ziyue/Project/chapt6/chapt6_ws/src/install/fishbot_description/share/fishbot_description/world/room/model.sdf
[0.215s] -- Up-to-date: /home/ziyue/Project/chapt6/chapt6_ws/src/install/fishbot_description/share/fishbot_description/world/room/model.config
[0.215s] -- Up-to-date: /home/ziyue/Project/chapt6/chapt6_ws/src/install/fishbot_description/share/ament_index/resource_index/package_run_dependencies/fishbot_description
[0.215s] -- Up-to-date: /home/ziyue/Project/chapt6/chapt6_ws/src/install/fishbot_description/share/ament_index/resource_index/parent_prefix_path/fishbot_description
[0.215s] -- Up-to-date: /home/ziyue/Project/chapt6/chapt6_ws/src/install/fishbot_description/share/fishbot_description/environment/ament_prefix_path.sh
[0.215s] -- Up-to-date: /home/ziyue/Project/chapt6/chapt6_ws/src/install/fishbot_description/share/fishbot_description/environment/ament_prefix_path.dsv
[0.215s] -- Up-to-date: /home/ziyue/Project/chapt6/chapt6_ws/src/install/fishbot_description/share/fishbot_description/environment/path.sh
[0.215s] -- Up-to-date: /home/ziyue/Project/chapt6/chapt6_ws/src/install/fishbot_description/share/fishbot_description/environment/path.dsv
[0.216s] -- Up-to-date: /home/ziyue/Project/chapt6/chapt6_ws/src/install/fishbot_description/share/fishbot_description/local_setup.bash
[0.216s] -- Up-to-date: /home/ziyue/Project/chapt6/chapt6_ws/src/install/fishbot_description/share/fishbot_description/local_setup.sh
[0.216s] -- Up-to-date: /home/ziyue/Project/chapt6/chapt6_ws/src/install/fishbot_description/share/fishbot_description/local_setup.zsh
[0.216s] -- Up-to-date: /home/ziyue/Project/chapt6/chapt6_ws/src/install/fishbot_description/share/fishbot_description/local_setup.dsv
[0.217s] -- Up-to-date: /home/ziyue/Project/chapt6/chapt6_ws/src/install/fishbot_description/share/fishbot_description/package.dsv
[0.217s] -- Up-to-date: /home/ziyue/Project/chapt6/chapt6_ws/src/install/fishbot_description/share/ament_index/resource_index/packages/fishbot_description
[0.217s] -- Up-to-date: /home/ziyue/Project/chapt6/chapt6_ws/src/install/fishbot_description/share/fishbot_description/cmake/fishbot_descriptionConfig.cmake
[0.217s] -- Up-to-date: /home/ziyue/Project/chapt6/chapt6_ws/src/install/fishbot_description/share/fishbot_description/cmake/fishbot_descriptionConfig-version.cmake
[0.218s] -- Up-to-date: /home/ziyue/Project/chapt6/chapt6_ws/src/install/fishbot_description/share/fishbot_description/package.xml
[0.219s] Invoked command in '/home/ziyue/Project/chapt6/chapt6_ws/src/build/fishbot_description' returned '0': CMAKE_PREFIX_PATH=/home/ziyue/Project/chapt6/chapt6_ws/src/install/fishbot_navigation2:/home/ziyue/Project/chapt6/chapt6_ws/src/install/fishbot_description:/home/ziyue/Project/chapt6/chapt6_ws/install/fishbot_navigation2:/home/ziyue/Project/chapt6/chapt6_ws/install/fishbot_description:/home/ziyue/Project/chapt6/chapt6_ws/src/install/fishbot_application:/opt/ros/humble:/home/ziyue/catkin_ws/devel:/opt/ros/noetic /usr/bin/cmake --install /home/ziyue/Project/chapt6/chapt6_ws/src/build/fishbot_description
